2019-07-02 21:54:28 [main] DEBUG fr.triedge.web.server.SBIWebServer - This is a debug line
2019-07-02 21:54:28 [main] WARN  fr.triedge.web.server.SBIWebServer - This is a warn line
2019-07-02 21:54:28 [main] ERROR fr.triedge.web.server.SBIWebServer - This is a error line
2019-07-03 15:52:35 [main] INFO  fr.triedge.web.server.SBIWebServer - Server configuration loaded
2019-07-03 15:52:35 [main] INFO  fr.triedge.web.server.SBIWebServer - Server Initialized
2019-07-03 15:52:35 [main] DEBUG fr.triedge.web.server.SBIWebServer - This is a debug line
2019-07-03 15:52:35 [main] WARN  fr.triedge.web.server.SBIWebServer - This is a warn line
2019-07-03 15:52:35 [main] ERROR fr.triedge.web.server.SBIWebServer - This is a error line
2019-07-03 16:06:21 [main] DEBUG fr.triedge.web.server.SBIWebServer - Directory logs already exists
2019-07-03 16:06:21 [main] DEBUG fr.triedge.web.server.SBIWebServer - File conf\server.xml already exists
2019-07-03 16:06:21 [main] INFO  fr.triedge.web.server.SBIWebServer - Server configuration loaded
2019-07-03 16:06:21 [main] INFO  fr.triedge.web.server.SBIWebServer - Server Initialized
2019-07-03 16:06:21 [main] DEBUG fr.triedge.web.server.SBIWebServer - This is a debug line
2019-07-03 16:06:21 [main] WARN  fr.triedge.web.server.SBIWebServer - This is a warn line
2019-07-03 16:06:21 [main] ERROR fr.triedge.web.server.SBIWebServer - This is a error line
2019-07-11 09:50:22 [main] DEBUG fr.triedge.web.server.SBIWebServer - START: SBIWebServer.createFileHierarchie
2019-07-11 09:50:22 [main] DEBUG fr.triedge.web.server.SBIWebServer - Directory logs already exists
2019-07-11 09:50:22 [main] DEBUG fr.triedge.web.server.SBIWebServer - File conf\server.xml already exists
2019-07-11 09:50:22 [main] DEBUG fr.triedge.web.server.SBIWebServer - END: SBIWebServer.createFileHierarchie
2019-07-11 09:50:22 [main] DEBUG fr.triedge.web.server.SBIWebServer - START: SBIWebServer.reloadServerConfig
2019-07-11 09:50:22 [main] INFO  fr.triedge.web.server.SBIWebServer - Server configuration loaded
2019-07-11 09:50:22 [main] DEBUG fr.triedge.web.server.SBIWebServer - END: SBIWebServer.reloadServerConfig
2019-07-11 09:50:22 [main] INFO  fr.triedge.web.server.SBIWebServer - Server Initialized
2019-07-11 09:50:22 [main] DEBUG fr.triedge.web.server.SBIWebServer - START: SBIWebServer.start
2019-07-11 09:50:22 [main] INFO  fr.triedge.web.server.SBIWebServer - Starting server...
2019-07-11 09:50:22 [main] INFO  fr.triedge.web.server.SBIWebServer - Server listening to port: 8888
2019-07-11 09:50:22 [main] INFO  fr.triedge.web.server.SBIWebServer - Waiting for incoming connections...
2019-07-11 09:50:36 [main] INFO  fr.triedge.web.server.SBIWebServer - Waiting for incoming connections...
2019-07-11 09:50:36 [main] INFO  fr.triedge.web.server.SBIWebServer - Waiting for incoming connections...
2019-07-11 09:53:46 [main] INFO  fr.triedge.web.server.SBIWebServer - Waiting for incoming connections...
2019-07-11 09:53:46 [main] INFO  fr.triedge.web.server.SBIWebServer - Waiting for incoming connections...
2019-07-11 12:16:39 [main] DEBUG fr.triedge.web.server.SBIWebServer - START: SBIWebServer.createFileHierarchie
2019-07-11 12:16:39 [main] DEBUG fr.triedge.web.server.SBIWebServer - Directory logs already exists
2019-07-11 12:16:39 [main] DEBUG fr.triedge.web.server.SBIWebServer - File conf\server.xml already exists
2019-07-11 12:16:39 [main] DEBUG fr.triedge.web.server.SBIWebServer - END: SBIWebServer.createFileHierarchie
2019-07-11 12:16:39 [main] DEBUG fr.triedge.web.server.SBIWebServer - START: SBIWebServer.reloadServerConfig
2019-07-11 12:16:39 [main] INFO  fr.triedge.web.server.SBIWebServer - Server configuration loaded
2019-07-11 12:16:39 [main] DEBUG fr.triedge.web.server.SBIWebServer - END: SBIWebServer.reloadServerConfig
2019-07-11 12:16:39 [main] INFO  fr.triedge.web.server.SBIWebServer - Server Initialized
2019-07-11 12:16:39 [main] DEBUG fr.triedge.web.server.SBIWebServer - START: SBIWebServer.start
2019-07-11 12:16:39 [main] INFO  fr.triedge.web.server.SBIWebServer - Starting server...
2019-07-11 12:16:39 [main] INFO  fr.triedge.web.server.SBIWebServer - Server listening to port: 8888
2019-07-11 12:16:39 [main] INFO  fr.triedge.web.server.SBIWebServer - Server thread pool size: 20
2019-07-11 12:16:39 [main] INFO  fr.triedge.web.server.SBIWebServer - Waiting for incoming connections...
2019-07-11 12:16:45 [main] DEBUG fr.triedge.web.server.SBIWebServer - Connection received from: 0:0:0:0:0:0:0:1
2019-07-11 12:16:45 [main] DEBUG fr.triedge.web.server.SBIWebServer - Creating worker to server the request...
2019-07-11 12:16:45 [main] INFO  fr.triedge.web.server.SBIWebServer - Waiting for incoming connections...
2019-07-11 12:16:45 [main] DEBUG fr.triedge.web.server.SBIWebServer - Connection received from: 0:0:0:0:0:0:0:1
2019-07-11 12:16:45 [main] DEBUG fr.triedge.web.server.SBIWebServer - Creating worker to server the request...
2019-07-11 12:16:45 [main] INFO  fr.triedge.web.server.SBIWebServer - Waiting for incoming connections...
2019-07-11 12:21:31 [main] DEBUG fr.triedge.web.server.SBIWebServer - START: SBIWebServer.createFileHierarchie
2019-07-11 12:21:31 [main] DEBUG fr.triedge.web.server.SBIWebServer - Directory logs already exists
2019-07-11 12:21:31 [main] DEBUG fr.triedge.web.server.SBIWebServer - File conf\server.xml already exists
2019-07-11 12:21:31 [main] DEBUG fr.triedge.web.server.SBIWebServer - END: SBIWebServer.createFileHierarchie
2019-07-11 12:21:31 [main] DEBUG fr.triedge.web.server.SBIWebServer - START: SBIWebServer.reloadServerConfig
2019-07-11 12:21:31 [main] INFO  fr.triedge.web.server.SBIWebServer - Server configuration loaded
2019-07-11 12:21:31 [main] DEBUG fr.triedge.web.server.SBIWebServer - END: SBIWebServer.reloadServerConfig
2019-07-11 12:21:31 [main] INFO  fr.triedge.web.server.SBIWebServer - Server Initialized
2019-07-11 12:21:31 [main] DEBUG fr.triedge.web.server.SBIWebServer - START: SBIWebServer.start
2019-07-11 12:21:31 [main] INFO  fr.triedge.web.server.SBIWebServer - Starting server...
2019-07-11 12:21:31 [main] INFO  fr.triedge.web.server.SBIWebServer - Server listening to port: 8888
2019-07-11 12:21:31 [main] INFO  fr.triedge.web.server.SBIWebServer - Server thread pool size: 20
2019-07-11 12:21:31 [main] INFO  fr.triedge.web.server.SBIWebServer - Waiting for incoming connections...
2019-07-11 12:21:37 [main] DEBUG fr.triedge.web.server.SBIWebServer - Connection received from: /0:0:0:0:0:0:0:1:53724
2019-07-11 12:21:37 [main] DEBUG fr.triedge.web.server.SBIWebServer - Creating worker to server the request...
2019-07-11 12:21:37 [main] INFO  fr.triedge.web.server.SBIWebServer - Waiting for incoming connections...
2019-07-11 12:21:37 [main] DEBUG fr.triedge.web.server.SBIWebServer - Connection received from: /0:0:0:0:0:0:0:1:53725
2019-07-11 12:21:37 [pool-2-thread-1] DEBUG fr.triedge.web.server.WorkerThread - Worker started
2019-07-11 12:21:37 [main] DEBUG fr.triedge.web.server.SBIWebServer - Creating worker to server the request...
2019-07-11 12:21:37 [pool-2-thread-1] DEBUG fr.triedge.web.server.WorkerThread - Reading headers...
2019-07-11 12:21:37 [main] INFO  fr.triedge.web.server.SBIWebServer - Waiting for incoming connections...
2019-07-11 12:21:37 [pool-2-thread-2] DEBUG fr.triedge.web.server.WorkerThread - Worker started
2019-07-11 12:21:37 [pool-2-thread-1] DEBUG fr.triedge.web.server.WorkerThread - GET /amadeus HTTP/1.1
2019-07-11 12:21:37 [pool-2-thread-2] DEBUG fr.triedge.web.server.WorkerThread - Reading headers...
2019-07-11 12:21:37 [pool-2-thread-1] DEBUG fr.triedge.web.server.WorkerThread - Host: localhost:8888
2019-07-11 12:21:37 [pool-2-thread-1] DEBUG fr.triedge.web.server.WorkerThread - Connection: keep-alive
2019-07-11 12:21:37 [pool-2-thread-1] DEBUG fr.triedge.web.server.WorkerThread - Cache-Control: max-age=0
2019-07-11 12:21:37 [pool-2-thread-1] DEBUG fr.triedge.web.server.WorkerThread - Upgrade-Insecure-Requests: 1
2019-07-11 12:21:37 [pool-2-thread-1] DEBUG fr.triedge.web.server.WorkerThread - User-Agent: Mozilla/5.0 (Windows NT 6.3; Win64; x64) AppleWebKit/537.36 (KHTML, like Gecko) Chrome/75.0.3770.100 Safari/537.36
2019-07-11 12:21:37 [pool-2-thread-1] DEBUG fr.triedge.web.server.WorkerThread - Accept: text/html,application/xhtml+xml,application/xml;q=0.9,image/webp,image/apng,*/*;q=0.8,application/signed-exchange;v=b3
2019-07-11 12:21:37 [pool-2-thread-1] DEBUG fr.triedge.web.server.WorkerThread - Accept-Encoding: gzip, deflate, br
2019-07-11 12:21:37 [pool-2-thread-1] DEBUG fr.triedge.web.server.WorkerThread - Accept-Language: fr-FR,fr;q=0.9,en-US;q=0.8,en;q=0.7
2019-07-11 12:21:37 [pool-2-thread-1] DEBUG fr.triedge.web.server.WorkerThread - 
2019-07-11 12:22:51 [main] DEBUG fr.triedge.web.server.SBIWebServer - START: SBIWebServer.createFileHierarchie
2019-07-11 12:22:51 [main] DEBUG fr.triedge.web.server.SBIWebServer - Directory logs already exists
2019-07-11 12:22:51 [main] DEBUG fr.triedge.web.server.SBIWebServer - File conf\server.xml already exists
2019-07-11 12:22:51 [main] DEBUG fr.triedge.web.server.SBIWebServer - END: SBIWebServer.createFileHierarchie
2019-07-11 12:22:51 [main] DEBUG fr.triedge.web.server.SBIWebServer - START: SBIWebServer.reloadServerConfig
2019-07-11 12:22:51 [main] INFO  fr.triedge.web.server.SBIWebServer - Server configuration loaded
2019-07-11 12:22:51 [main] DEBUG fr.triedge.web.server.SBIWebServer - END: SBIWebServer.reloadServerConfig
2019-07-11 12:22:51 [main] INFO  fr.triedge.web.server.SBIWebServer - Server Initialized
2019-07-11 12:22:51 [main] DEBUG fr.triedge.web.server.SBIWebServer - START: SBIWebServer.start
2019-07-11 12:22:51 [main] INFO  fr.triedge.web.server.SBIWebServer - Starting server...
2019-07-11 12:22:51 [main] INFO  fr.triedge.web.server.SBIWebServer - Server listening to port: 8888
2019-07-11 12:22:51 [main] INFO  fr.triedge.web.server.SBIWebServer - Server thread pool size: 20
2019-07-11 12:22:51 [main] INFO  fr.triedge.web.server.SBIWebServer - Waiting for incoming connections...
2019-07-11 12:22:56 [main] DEBUG fr.triedge.web.server.SBIWebServer - Connection received from: /0:0:0:0:0:0:0:1:53753
2019-07-11 12:22:56 [main] DEBUG fr.triedge.web.server.SBIWebServer - Creating worker to server the request...
2019-07-11 12:22:56 [main] INFO  fr.triedge.web.server.SBIWebServer - Waiting for incoming connections...
2019-07-11 12:22:56 [main] DEBUG fr.triedge.web.server.SBIWebServer - Connection received from: /0:0:0:0:0:0:0:1:53754
2019-07-11 12:22:56 [pool-2-thread-1] DEBUG fr.triedge.web.server.WorkerThread - Worker started
2019-07-11 12:22:56 [main] DEBUG fr.triedge.web.server.SBIWebServer - Creating worker to server the request...
2019-07-11 12:22:56 [pool-2-thread-1] DEBUG fr.triedge.web.server.WorkerThread - Reading headers...
2019-07-11 12:22:56 [main] INFO  fr.triedge.web.server.SBIWebServer - Waiting for incoming connections...
2019-07-11 12:22:56 [pool-2-thread-2] DEBUG fr.triedge.web.server.WorkerThread - Worker started
2019-07-11 12:22:56 [pool-2-thread-2] DEBUG fr.triedge.web.server.WorkerThread - Reading headers...
2019-07-11 12:22:56 [pool-2-thread-1] DEBUG fr.triedge.web.server.WorkerThread - GET /amadeus HTTP/1.1
2019-07-11 12:22:56 [pool-2-thread-1] DEBUG fr.triedge.web.server.WorkerThread - Host: localhost:8888
2019-07-11 12:22:56 [pool-2-thread-1] DEBUG fr.triedge.web.server.WorkerThread - Connection: keep-alive
2019-07-11 12:22:56 [pool-2-thread-1] DEBUG fr.triedge.web.server.WorkerThread - Cache-Control: max-age=0
2019-07-11 12:22:56 [pool-2-thread-1] DEBUG fr.triedge.web.server.WorkerThread - Upgrade-Insecure-Requests: 1
2019-07-11 12:22:56 [pool-2-thread-1] DEBUG fr.triedge.web.server.WorkerThread - User-Agent: Mozilla/5.0 (Windows NT 6.3; Win64; x64) AppleWebKit/537.36 (KHTML, like Gecko) Chrome/75.0.3770.100 Safari/537.36
2019-07-11 12:22:56 [pool-2-thread-1] DEBUG fr.triedge.web.server.WorkerThread - Accept: text/html,application/xhtml+xml,application/xml;q=0.9,image/webp,image/apng,*/*;q=0.8,application/signed-exchange;v=b3
2019-07-11 12:22:56 [pool-2-thread-1] DEBUG fr.triedge.web.server.WorkerThread - Accept-Encoding: gzip, deflate, br
2019-07-11 12:22:56 [pool-2-thread-1] DEBUG fr.triedge.web.server.WorkerThread - Accept-Language: fr-FR,fr;q=0.9,en-US;q=0.8,en;q=0.7
2019-07-11 12:22:56 [pool-2-thread-1] DEBUG fr.triedge.web.server.WorkerThread - 
2019-07-11 12:23:46 [main] DEBUG fr.triedge.web.server.SBIWebServer - START: SBIWebServer.createFileHierarchie
2019-07-11 12:23:46 [main] DEBUG fr.triedge.web.server.SBIWebServer - Directory logs already exists
2019-07-11 12:23:46 [main] DEBUG fr.triedge.web.server.SBIWebServer - File conf\server.xml already exists
2019-07-11 12:23:46 [main] DEBUG fr.triedge.web.server.SBIWebServer - END: SBIWebServer.createFileHierarchie
2019-07-11 12:23:46 [main] DEBUG fr.triedge.web.server.SBIWebServer - START: SBIWebServer.reloadServerConfig
2019-07-11 12:23:46 [main] INFO  fr.triedge.web.server.SBIWebServer - Server configuration loaded
2019-07-11 12:23:46 [main] DEBUG fr.triedge.web.server.SBIWebServer - END: SBIWebServer.reloadServerConfig
2019-07-11 12:23:46 [main] INFO  fr.triedge.web.server.SBIWebServer - Server Initialized
2019-07-11 12:23:46 [main] DEBUG fr.triedge.web.server.SBIWebServer - START: SBIWebServer.start
2019-07-11 12:23:46 [main] INFO  fr.triedge.web.server.SBIWebServer - Starting server...
2019-07-11 12:23:46 [main] INFO  fr.triedge.web.server.SBIWebServer - Server listening to port: 8888
2019-07-11 12:23:46 [main] INFO  fr.triedge.web.server.SBIWebServer - Server thread pool size: 20
2019-07-11 12:23:46 [main] INFO  fr.triedge.web.server.SBIWebServer - Waiting for incoming connections...
2019-07-11 12:23:49 [main] DEBUG fr.triedge.web.server.SBIWebServer - Connection received from: /0:0:0:0:0:0:0:1:53767
2019-07-11 12:23:49 [main] DEBUG fr.triedge.web.server.SBIWebServer - Creating worker to server the request...
2019-07-11 12:23:49 [main] INFO  fr.triedge.web.server.SBIWebServer - Waiting for incoming connections...
2019-07-11 12:23:49 [main] DEBUG fr.triedge.web.server.SBIWebServer - Connection received from: /0:0:0:0:0:0:0:1:53768
2019-07-11 12:23:49 [pool-2-thread-1] DEBUG fr.triedge.web.server.WorkerThread - Worker started
2019-07-11 12:23:49 [main] DEBUG fr.triedge.web.server.SBIWebServer - Creating worker to server the request...
2019-07-11 12:23:49 [pool-2-thread-1] DEBUG fr.triedge.web.server.WorkerThread - Reading headers...
2019-07-11 12:23:49 [main] INFO  fr.triedge.web.server.SBIWebServer - Waiting for incoming connections...
2019-07-11 12:23:49 [pool-2-thread-2] DEBUG fr.triedge.web.server.WorkerThread - Worker started
2019-07-11 12:23:49 [pool-2-thread-2] DEBUG fr.triedge.web.server.WorkerThread - Reading headers...
2019-07-11 12:23:49 [pool-2-thread-1] DEBUG fr.triedge.web.server.WorkerThread - Creating socket outputs...
2019-07-11 12:23:49 [pool-2-thread-2] DEBUG fr.triedge.web.server.WorkerThread - Creating socket outputs...
2019-07-11 12:23:49 [main] DEBUG fr.triedge.web.server.SBIWebServer - Connection received from: /0:0:0:0:0:0:0:1:53769
2019-07-11 12:23:49 [main] DEBUG fr.triedge.web.server.SBIWebServer - Creating worker to server the request...
2019-07-11 12:23:49 [main] INFO  fr.triedge.web.server.SBIWebServer - Waiting for incoming connections...
2019-07-11 12:23:49 [pool-2-thread-3] DEBUG fr.triedge.web.server.WorkerThread - Worker started
2019-07-11 12:23:49 [pool-2-thread-3] DEBUG fr.triedge.web.server.WorkerThread - Reading headers...
2019-07-11 12:23:49 [pool-2-thread-3] DEBUG fr.triedge.web.server.WorkerThread - Creating socket outputs...
2019-07-11 12:23:49 [pool-2-thread-1] ERROR fr.triedge.web.server.WorkerThread - Error
java.net.SocketException: Socket is closed
	at java.net.Socket.getOutputStream(Socket.java:943) ~[?:1.8.0_121]
	at fr.triedge.web.server.WorkerThread.run(WorkerThread.java:52) [bin/:?]
	at java.util.concurrent.ThreadPoolExecutor.runWorker(ThreadPoolExecutor.java:1142) [?:1.8.0_121]
	at java.util.concurrent.ThreadPoolExecutor$Worker.run(ThreadPoolExecutor.java:617) [?:1.8.0_121]
	at java.lang.Thread.run(Thread.java:745) [?:1.8.0_121]
2019-07-11 12:23:49 [pool-2-thread-3] ERROR fr.triedge.web.server.WorkerThread - Error
java.net.SocketException: Socket is closed
	at java.net.Socket.getOutputStream(Socket.java:943) ~[?:1.8.0_121]
	at fr.triedge.web.server.WorkerThread.run(WorkerThread.java:52) [bin/:?]
	at java.util.concurrent.ThreadPoolExecutor.runWorker(ThreadPoolExecutor.java:1142) [?:1.8.0_121]
	at java.util.concurrent.ThreadPoolExecutor$Worker.run(ThreadPoolExecutor.java:617) [?:1.8.0_121]
	at java.lang.Thread.run(Thread.java:745) [?:1.8.0_121]
2019-07-11 12:23:49 [pool-2-thread-2] ERROR fr.triedge.web.server.WorkerThread - Error
java.net.SocketException: Socket is closed
	at java.net.Socket.getOutputStream(Socket.java:943) ~[?:1.8.0_121]
	at fr.triedge.web.server.WorkerThread.run(WorkerThread.java:52) [bin/:?]
	at java.util.concurrent.ThreadPoolExecutor.runWorker(ThreadPoolExecutor.java:1142) [?:1.8.0_121]
	at java.util.concurrent.ThreadPoolExecutor$Worker.run(ThreadPoolExecutor.java:617) [?:1.8.0_121]
	at java.lang.Thread.run(Thread.java:745) [?:1.8.0_121]
2019-07-11 12:25:18 [main] DEBUG fr.triedge.web.server.SBIWebServer - START: SBIWebServer.createFileHierarchie
2019-07-11 12:25:18 [main] DEBUG fr.triedge.web.server.SBIWebServer - Directory logs already exists
2019-07-11 12:25:18 [main] DEBUG fr.triedge.web.server.SBIWebServer - File conf\server.xml already exists
2019-07-11 12:25:18 [main] DEBUG fr.triedge.web.server.SBIWebServer - END: SBIWebServer.createFileHierarchie
2019-07-11 12:25:18 [main] DEBUG fr.triedge.web.server.SBIWebServer - START: SBIWebServer.reloadServerConfig
2019-07-11 12:25:18 [main] INFO  fr.triedge.web.server.SBIWebServer - Server configuration loaded
2019-07-11 12:25:18 [main] DEBUG fr.triedge.web.server.SBIWebServer - END: SBIWebServer.reloadServerConfig
2019-07-11 12:25:18 [main] INFO  fr.triedge.web.server.SBIWebServer - Server Initialized
2019-07-11 12:25:18 [main] DEBUG fr.triedge.web.server.SBIWebServer - START: SBIWebServer.start
2019-07-11 12:25:18 [main] INFO  fr.triedge.web.server.SBIWebServer - Starting server...
2019-07-11 12:25:18 [main] INFO  fr.triedge.web.server.SBIWebServer - Server listening to port: 8888
2019-07-11 12:25:18 [main] INFO  fr.triedge.web.server.SBIWebServer - Server thread pool size: 20
2019-07-11 12:25:18 [main] INFO  fr.triedge.web.server.SBIWebServer - Waiting for incoming connections...
2019-07-11 12:25:32 [main] DEBUG fr.triedge.web.server.SBIWebServer - Connection received from: /0:0:0:0:0:0:0:1:53774
2019-07-11 12:25:32 [main] DEBUG fr.triedge.web.server.SBIWebServer - Creating worker to server the request...
2019-07-11 12:25:32 [main] INFO  fr.triedge.web.server.SBIWebServer - Waiting for incoming connections...
2019-07-11 12:25:32 [pool-2-thread-1] DEBUG fr.triedge.web.server.WorkerThread - Worker started
2019-07-11 12:25:32 [main] DEBUG fr.triedge.web.server.SBIWebServer - Connection received from: /0:0:0:0:0:0:0:1:53775
2019-07-11 12:25:32 [pool-2-thread-1] DEBUG fr.triedge.web.server.WorkerThread - Reading headers...
2019-07-11 12:25:32 [main] DEBUG fr.triedge.web.server.SBIWebServer - Creating worker to server the request...
2019-07-11 12:25:32 [main] INFO  fr.triedge.web.server.SBIWebServer - Waiting for incoming connections...
2019-07-11 12:25:32 [pool-2-thread-1] DEBUG fr.triedge.web.server.WorkerThread - GET /amadeus HTTP/1.1
2019-07-11 12:25:32 [pool-2-thread-2] DEBUG fr.triedge.web.server.WorkerThread - Worker started
2019-07-11 12:25:32 [pool-2-thread-2] DEBUG fr.triedge.web.server.WorkerThread - Reading headers...
2019-07-11 12:25:32 [pool-2-thread-1] DEBUG fr.triedge.web.server.WorkerThread - Creating socket outputs...
2019-07-11 12:25:32 [pool-2-thread-2] DEBUG fr.triedge.web.server.WorkerThread - GET /amadeus HTTP/1.1
2019-07-11 12:25:32 [pool-2-thread-2] DEBUG fr.triedge.web.server.WorkerThread - Creating socket outputs...
2019-07-11 12:25:32 [main] DEBUG fr.triedge.web.server.SBIWebServer - Connection received from: /0:0:0:0:0:0:0:1:53776
2019-07-11 12:25:32 [main] DEBUG fr.triedge.web.server.SBIWebServer - Creating worker to server the request...
2019-07-11 12:25:32 [main] INFO  fr.triedge.web.server.SBIWebServer - Waiting for incoming connections...
2019-07-11 12:25:32 [pool-2-thread-3] DEBUG fr.triedge.web.server.WorkerThread - Worker started
2019-07-11 12:25:32 [pool-2-thread-3] DEBUG fr.triedge.web.server.WorkerThread - Reading headers...
2019-07-11 12:25:32 [pool-2-thread-3] DEBUG fr.triedge.web.server.WorkerThread - GET /amadeus HTTP/1.1
2019-07-11 12:25:32 [pool-2-thread-3] DEBUG fr.triedge.web.server.WorkerThread - Creating socket outputs...
2019-07-11 12:25:32 [pool-2-thread-2] ERROR fr.triedge.web.server.WorkerThread - Error
java.net.SocketException: Socket is closed
	at java.net.Socket.getOutputStream(Socket.java:943) ~[?:1.8.0_121]
	at fr.triedge.web.server.WorkerThread.run(WorkerThread.java:54) [bin/:?]
	at java.util.concurrent.ThreadPoolExecutor.runWorker(ThreadPoolExecutor.java:1142) [?:1.8.0_121]
	at java.util.concurrent.ThreadPoolExecutor$Worker.run(ThreadPoolExecutor.java:617) [?:1.8.0_121]
	at java.lang.Thread.run(Thread.java:745) [?:1.8.0_121]
2019-07-11 12:25:32 [pool-2-thread-1] ERROR fr.triedge.web.server.WorkerThread - Error
java.net.SocketException: Socket is closed
	at java.net.Socket.getOutputStream(Socket.java:943) ~[?:1.8.0_121]
	at fr.triedge.web.server.WorkerThread.run(WorkerThread.java:54) [bin/:?]
	at java.util.concurrent.ThreadPoolExecutor.runWorker(ThreadPoolExecutor.java:1142) [?:1.8.0_121]
	at java.util.concurrent.ThreadPoolExecutor$Worker.run(ThreadPoolExecutor.java:617) [?:1.8.0_121]
	at java.lang.Thread.run(Thread.java:745) [?:1.8.0_121]
2019-07-11 12:25:32 [pool-2-thread-3] ERROR fr.triedge.web.server.WorkerThread - Error
java.net.SocketException: Socket is closed
	at java.net.Socket.getOutputStream(Socket.java:943) ~[?:1.8.0_121]
	at fr.triedge.web.server.WorkerThread.run(WorkerThread.java:54) [bin/:?]
	at java.util.concurrent.ThreadPoolExecutor.runWorker(ThreadPoolExecutor.java:1142) [?:1.8.0_121]
	at java.util.concurrent.ThreadPoolExecutor$Worker.run(ThreadPoolExecutor.java:617) [?:1.8.0_121]
	at java.lang.Thread.run(Thread.java:745) [?:1.8.0_121]
2019-07-11 12:43:58 [main] DEBUG fr.triedge.web.server.SBIWebServer - START: SBIWebServer.createFileHierarchie
2019-07-11 12:43:58 [main] DEBUG fr.triedge.web.server.SBIWebServer - Directory logs already exists
2019-07-11 12:43:58 [main] DEBUG fr.triedge.web.server.SBIWebServer - File conf\server.xml already exists
2019-07-11 12:43:58 [main] DEBUG fr.triedge.web.server.SBIWebServer - END: SBIWebServer.createFileHierarchie
2019-07-11 12:43:58 [main] DEBUG fr.triedge.web.server.SBIWebServer - START: SBIWebServer.reloadServerConfig
2019-07-11 12:43:58 [main] INFO  fr.triedge.web.server.SBIWebServer - Server configuration loaded
2019-07-11 12:43:58 [main] DEBUG fr.triedge.web.server.SBIWebServer - END: SBIWebServer.reloadServerConfig
2019-07-11 12:43:58 [main] INFO  fr.triedge.web.server.SBIWebServer - Server Initialized
2019-07-11 12:43:58 [main] DEBUG fr.triedge.web.server.SBIWebServer - START: SBIWebServer.start
2019-07-11 12:43:58 [main] INFO  fr.triedge.web.server.SBIWebServer - Starting server...
2019-07-11 12:43:58 [main] INFO  fr.triedge.web.server.SBIWebServer - Server listening to port: 8888
2019-07-11 12:43:58 [main] INFO  fr.triedge.web.server.SBIWebServer - Server thread pool size: 20
2019-07-11 12:43:58 [main] ERROR fr.triedge.web.server.SBIWebServer - Cannot listen to port 8888
java.net.BindException: Address already in use: JVM_Bind
	at java.net.DualStackPlainSocketImpl.bind0(Native Method) ~[?:1.8.0_121]
	at java.net.DualStackPlainSocketImpl.socketBind(DualStackPlainSocketImpl.java:106) ~[?:1.8.0_121]
	at java.net.AbstractPlainSocketImpl.bind(AbstractPlainSocketImpl.java:387) ~[?:1.8.0_121]
	at java.net.PlainSocketImpl.bind(PlainSocketImpl.java:190) ~[?:1.8.0_121]
	at java.net.ServerSocket.bind(ServerSocket.java:375) ~[?:1.8.0_121]
	at java.net.ServerSocket.<init>(ServerSocket.java:237) ~[?:1.8.0_121]
	at java.net.ServerSocket.<init>(ServerSocket.java:128) ~[?:1.8.0_121]
	at fr.triedge.web.server.SBIWebServer.start(SBIWebServer.java:75) [bin/:?]
	at fr.triedge.web.run.Program.main(Program.java:13) [bin/:?]
2019-07-11 12:43:58 [main] INFO  fr.triedge.web.server.SBIWebServer - Server stopped
2019-07-11 12:43:58 [main] DEBUG fr.triedge.web.server.SBIWebServer - END: SBIWebServer.start
2019-07-11 12:44:10 [main] DEBUG fr.triedge.web.server.SBIWebServer - START: SBIWebServer.createFileHierarchie
2019-07-11 12:44:10 [main] DEBUG fr.triedge.web.server.SBIWebServer - Directory logs already exists
2019-07-11 12:44:10 [main] DEBUG fr.triedge.web.server.SBIWebServer - File conf\server.xml already exists
2019-07-11 12:44:10 [main] DEBUG fr.triedge.web.server.SBIWebServer - END: SBIWebServer.createFileHierarchie
2019-07-11 12:44:10 [main] DEBUG fr.triedge.web.server.SBIWebServer - START: SBIWebServer.reloadServerConfig
2019-07-11 12:44:10 [main] INFO  fr.triedge.web.server.SBIWebServer - Server configuration loaded
2019-07-11 12:44:10 [main] DEBUG fr.triedge.web.server.SBIWebServer - END: SBIWebServer.reloadServerConfig
2019-07-11 12:44:10 [main] INFO  fr.triedge.web.server.SBIWebServer - Server Initialized
2019-07-11 12:44:10 [main] DEBUG fr.triedge.web.server.SBIWebServer - START: SBIWebServer.start
2019-07-11 12:44:10 [main] INFO  fr.triedge.web.server.SBIWebServer - Starting server...
2019-07-11 12:44:10 [main] INFO  fr.triedge.web.server.SBIWebServer - Server listening to port: 8888
2019-07-11 12:44:10 [main] INFO  fr.triedge.web.server.SBIWebServer - Server thread pool size: 20
2019-07-11 12:44:10 [main] INFO  fr.triedge.web.server.SBIWebServer - Waiting for incoming connections...
2019-07-11 12:44:16 [main] DEBUG fr.triedge.web.server.SBIWebServer - Connection received from: /0:0:0:0:0:0:0:1:53884
2019-07-11 12:44:16 [main] DEBUG fr.triedge.web.server.SBIWebServer - Creating worker to server the request...
2019-07-11 12:44:16 [main] INFO  fr.triedge.web.server.SBIWebServer - Waiting for incoming connections...
2019-07-11 12:44:16 [main] DEBUG fr.triedge.web.server.SBIWebServer - Connection received from: /0:0:0:0:0:0:0:1:53885
2019-07-11 12:44:16 [pool-2-thread-1] DEBUG fr.triedge.web.server.WorkerThread - Worker started
2019-07-11 12:44:16 [main] DEBUG fr.triedge.web.server.SBIWebServer - Creating worker to server the request...
2019-07-11 12:44:16 [pool-2-thread-1] DEBUG fr.triedge.web.server.WorkerThread - Reading headers...
2019-07-11 12:44:16 [main] INFO  fr.triedge.web.server.SBIWebServer - Waiting for incoming connections...
2019-07-11 12:44:16 [pool-2-thread-2] DEBUG fr.triedge.web.server.WorkerThread - Worker started
2019-07-11 12:44:16 [pool-2-thread-2] DEBUG fr.triedge.web.server.WorkerThread - Reading headers...
2019-07-11 12:44:16 [pool-2-thread-1] DEBUG fr.triedge.web.server.WorkerThread - GET /amadeus HTTP/1.1
2019-07-11 12:44:16 [pool-2-thread-1] DEBUG fr.triedge.web.server.WorkerThread - Creating socket outputs...
2019-07-11 12:44:16 [pool-2-thread-2] DEBUG fr.triedge.web.server.WorkerThread - GET /amadeus HTTP/1.1
2019-07-11 12:44:16 [pool-2-thread-2] DEBUG fr.triedge.web.server.WorkerThread - Creating socket outputs...
2019-07-11 12:44:16 [main] DEBUG fr.triedge.web.server.SBIWebServer - Connection received from: /0:0:0:0:0:0:0:1:53886
2019-07-11 12:44:16 [main] DEBUG fr.triedge.web.server.SBIWebServer - Creating worker to server the request...
2019-07-11 12:44:16 [main] INFO  fr.triedge.web.server.SBIWebServer - Waiting for incoming connections...
2019-07-11 12:44:16 [pool-2-thread-3] DEBUG fr.triedge.web.server.WorkerThread - Worker started
2019-07-11 12:44:16 [pool-2-thread-3] DEBUG fr.triedge.web.server.WorkerThread - Reading headers...
2019-07-11 12:44:16 [pool-2-thread-3] DEBUG fr.triedge.web.server.WorkerThread - GET /amadeus HTTP/1.1
2019-07-11 12:44:16 [pool-2-thread-3] DEBUG fr.triedge.web.server.WorkerThread - Creating socket outputs...
2019-07-11 12:44:16 [pool-2-thread-2] ERROR fr.triedge.web.server.WorkerThread - Error
java.net.SocketException: Socket is closed
	at java.net.Socket.getOutputStream(Socket.java:943) ~[?:1.8.0_121]
	at fr.triedge.web.server.WorkerThread.run(WorkerThread.java:54) [bin/:?]
	at java.util.concurrent.ThreadPoolExecutor.runWorker(ThreadPoolExecutor.java:1142) [?:1.8.0_121]
	at java.util.concurrent.ThreadPoolExecutor$Worker.run(ThreadPoolExecutor.java:617) [?:1.8.0_121]
	at java.lang.Thread.run(Thread.java:745) [?:1.8.0_121]
2019-07-11 12:44:16 [pool-2-thread-1] ERROR fr.triedge.web.server.WorkerThread - Error
java.net.SocketException: Socket is closed
	at java.net.Socket.getOutputStream(Socket.java:943) ~[?:1.8.0_121]
	at fr.triedge.web.server.WorkerThread.run(WorkerThread.java:54) [bin/:?]
	at java.util.concurrent.ThreadPoolExecutor.runWorker(ThreadPoolExecutor.java:1142) [?:1.8.0_121]
	at java.util.concurrent.ThreadPoolExecutor$Worker.run(ThreadPoolExecutor.java:617) [?:1.8.0_121]
	at java.lang.Thread.run(Thread.java:745) [?:1.8.0_121]
2019-07-11 12:44:16 [pool-2-thread-3] ERROR fr.triedge.web.server.WorkerThread - Error
java.net.SocketException: Socket is closed
	at java.net.Socket.getOutputStream(Socket.java:943) ~[?:1.8.0_121]
	at fr.triedge.web.server.WorkerThread.run(WorkerThread.java:54) [bin/:?]
	at java.util.concurrent.ThreadPoolExecutor.runWorker(ThreadPoolExecutor.java:1142) [?:1.8.0_121]
	at java.util.concurrent.ThreadPoolExecutor$Worker.run(ThreadPoolExecutor.java:617) [?:1.8.0_121]
	at java.lang.Thread.run(Thread.java:745) [?:1.8.0_121]
2019-07-11 13:30:27 [main] DEBUG fr.triedge.web.server.SBIWebServer - Connection received from: /0:0:0:0:0:0:0:1:52748
2019-07-11 13:30:27 [main] DEBUG fr.triedge.web.server.SBIWebServer - Creating worker to server the request...
2019-07-11 13:30:27 [main] INFO  fr.triedge.web.server.SBIWebServer - Waiting for incoming connections...
2019-07-11 13:30:27 [main] DEBUG fr.triedge.web.server.SBIWebServer - Connection received from: /0:0:0:0:0:0:0:1:52749
2019-07-11 13:30:27 [pool-2-thread-4] DEBUG fr.triedge.web.server.WorkerThread - Worker started
2019-07-11 13:30:27 [main] DEBUG fr.triedge.web.server.SBIWebServer - Creating worker to server the request...
2019-07-11 13:30:27 [pool-2-thread-4] DEBUG fr.triedge.web.server.WorkerThread - Reading headers...
2019-07-11 13:30:27 [main] INFO  fr.triedge.web.server.SBIWebServer - Waiting for incoming connections...
2019-07-11 13:30:27 [pool-2-thread-4] DEBUG fr.triedge.web.server.WorkerThread - GET /amadeus HTTP/1.1
2019-07-11 13:30:27 [pool-2-thread-4] DEBUG fr.triedge.web.server.WorkerThread - Creating socket outputs...
2019-07-11 13:30:27 [pool-2-thread-5] DEBUG fr.triedge.web.server.WorkerThread - Worker started
2019-07-11 13:30:27 [pool-2-thread-5] DEBUG fr.triedge.web.server.WorkerThread - Reading headers...
2019-07-11 13:30:27 [pool-2-thread-4] ERROR fr.triedge.web.server.WorkerThread - Error
java.net.SocketException: Socket is closed
	at java.net.Socket.getOutputStream(Socket.java:943) ~[?:1.8.0_121]
	at fr.triedge.web.server.WorkerThread.run(WorkerThread.java:54) [bin/:?]
	at java.util.concurrent.ThreadPoolExecutor.runWorker(ThreadPoolExecutor.java:1142) [?:1.8.0_121]
	at java.util.concurrent.ThreadPoolExecutor$Worker.run(ThreadPoolExecutor.java:617) [?:1.8.0_121]
	at java.lang.Thread.run(Thread.java:745) [?:1.8.0_121]
2019-07-11 13:30:27 [pool-2-thread-5] DEBUG fr.triedge.web.server.WorkerThread - GET /amadeus HTTP/1.1
2019-07-11 13:30:27 [pool-2-thread-5] DEBUG fr.triedge.web.server.WorkerThread - Creating socket outputs...
2019-07-11 13:30:27 [pool-2-thread-5] ERROR fr.triedge.web.server.WorkerThread - Error
java.net.SocketException: Socket is closed
	at java.net.Socket.getOutputStream(Socket.java:943) ~[?:1.8.0_121]
	at fr.triedge.web.server.WorkerThread.run(WorkerThread.java:54) [bin/:?]
	at java.util.concurrent.ThreadPoolExecutor.runWorker(ThreadPoolExecutor.java:1142) [?:1.8.0_121]
	at java.util.concurrent.ThreadPoolExecutor$Worker.run(ThreadPoolExecutor.java:617) [?:1.8.0_121]
	at java.lang.Thread.run(Thread.java:745) [?:1.8.0_121]
2019-07-11 13:30:27 [main] DEBUG fr.triedge.web.server.SBIWebServer - Connection received from: /0:0:0:0:0:0:0:1:52750
2019-07-11 13:30:27 [main] DEBUG fr.triedge.web.server.SBIWebServer - Creating worker to server the request...
2019-07-11 13:30:27 [main] INFO  fr.triedge.web.server.SBIWebServer - Waiting for incoming connections...
2019-07-11 13:30:27 [pool-2-thread-6] DEBUG fr.triedge.web.server.WorkerThread - Worker started
2019-07-11 13:30:27 [pool-2-thread-6] DEBUG fr.triedge.web.server.WorkerThread - Reading headers...
2019-07-11 13:30:27 [pool-2-thread-6] DEBUG fr.triedge.web.server.WorkerThread - GET /amadeus HTTP/1.1
2019-07-11 13:30:27 [pool-2-thread-6] DEBUG fr.triedge.web.server.WorkerThread - Creating socket outputs...
2019-07-11 13:30:27 [pool-2-thread-6] ERROR fr.triedge.web.server.WorkerThread - Error
java.net.SocketException: Socket is closed
	at java.net.Socket.getOutputStream(Socket.java:943) ~[?:1.8.0_121]
	at fr.triedge.web.server.WorkerThread.run(WorkerThread.java:54) [bin/:?]
	at java.util.concurrent.ThreadPoolExecutor.runWorker(ThreadPoolExecutor.java:1142) [?:1.8.0_121]
	at java.util.concurrent.ThreadPoolExecutor$Worker.run(ThreadPoolExecutor.java:617) [?:1.8.0_121]
	at java.lang.Thread.run(Thread.java:745) [?:1.8.0_121]
2019-07-11 14:00:27 [main] DEBUG fr.triedge.web.server.SBIWebServer - Connection received from: /0:0:0:0:0:0:0:1:52842
2019-07-11 14:00:27 [main] DEBUG fr.triedge.web.server.SBIWebServer - Creating worker to server the request...
2019-07-11 14:00:27 [main] INFO  fr.triedge.web.server.SBIWebServer - Waiting for incoming connections...
2019-07-11 14:00:27 [main] DEBUG fr.triedge.web.server.SBIWebServer - Connection received from: /0:0:0:0:0:0:0:1:52843
2019-07-11 14:00:27 [pool-2-thread-7] DEBUG fr.triedge.web.server.WorkerThread - Worker started
2019-07-11 14:00:27 [main] DEBUG fr.triedge.web.server.SBIWebServer - Creating worker to server the request...
2019-07-11 14:00:27 [pool-2-thread-7] DEBUG fr.triedge.web.server.WorkerThread - Reading headers...
2019-07-11 14:00:27 [pool-2-thread-7] DEBUG fr.triedge.web.server.WorkerThread - GET /amadeus HTTP/1.1
2019-07-11 14:00:27 [main] INFO  fr.triedge.web.server.SBIWebServer - Waiting for incoming connections...
2019-07-11 14:00:27 [pool-2-thread-7] DEBUG fr.triedge.web.server.WorkerThread - Creating socket outputs...
2019-07-11 14:00:27 [pool-2-thread-8] DEBUG fr.triedge.web.server.WorkerThread - Worker started
2019-07-11 14:00:27 [pool-2-thread-8] DEBUG fr.triedge.web.server.WorkerThread - Reading headers...
2019-07-11 14:00:27 [pool-2-thread-7] ERROR fr.triedge.web.server.WorkerThread - Error
java.net.SocketException: Socket is closed
	at java.net.Socket.getOutputStream(Socket.java:943) ~[?:1.8.0_121]
	at fr.triedge.web.server.WorkerThread.run(WorkerThread.java:54) [bin/:?]
	at java.util.concurrent.ThreadPoolExecutor.runWorker(ThreadPoolExecutor.java:1142) [?:1.8.0_121]
	at java.util.concurrent.ThreadPoolExecutor$Worker.run(ThreadPoolExecutor.java:617) [?:1.8.0_121]
	at java.lang.Thread.run(Thread.java:745) [?:1.8.0_121]
2019-07-11 14:00:27 [pool-2-thread-8] DEBUG fr.triedge.web.server.WorkerThread - GET /amadeus HTTP/1.1
2019-07-11 14:00:27 [main] DEBUG fr.triedge.web.server.SBIWebServer - Connection received from: /0:0:0:0:0:0:0:1:52844
2019-07-11 14:00:27 [main] DEBUG fr.triedge.web.server.SBIWebServer - Creating worker to server the request...
2019-07-11 14:00:27 [main] INFO  fr.triedge.web.server.SBIWebServer - Waiting for incoming connections...
2019-07-11 14:00:27 [pool-2-thread-9] DEBUG fr.triedge.web.server.WorkerThread - Worker started
2019-07-11 14:00:27 [pool-2-thread-9] DEBUG fr.triedge.web.server.WorkerThread - Reading headers...
2019-07-11 14:00:27 [pool-2-thread-9] DEBUG fr.triedge.web.server.WorkerThread - GET /amadeus HTTP/1.1
2019-07-11 14:00:27 [pool-2-thread-8] DEBUG fr.triedge.web.server.WorkerThread - Creating socket outputs...
2019-07-11 14:00:27 [pool-2-thread-9] DEBUG fr.triedge.web.server.WorkerThread - Creating socket outputs...
2019-07-11 14:00:27 [pool-2-thread-8] ERROR fr.triedge.web.server.WorkerThread - Error
java.net.SocketException: Socket is closed
	at java.net.Socket.getOutputStream(Socket.java:943) ~[?:1.8.0_121]
	at fr.triedge.web.server.WorkerThread.run(WorkerThread.java:54) [bin/:?]
	at java.util.concurrent.ThreadPoolExecutor.runWorker(ThreadPoolExecutor.java:1142) [?:1.8.0_121]
	at java.util.concurrent.ThreadPoolExecutor$Worker.run(ThreadPoolExecutor.java:617) [?:1.8.0_121]
	at java.lang.Thread.run(Thread.java:745) [?:1.8.0_121]
2019-07-11 14:00:27 [pool-2-thread-9] ERROR fr.triedge.web.server.WorkerThread - Error
java.net.SocketException: Socket is closed
	at java.net.Socket.getOutputStream(Socket.java:943) ~[?:1.8.0_121]
	at fr.triedge.web.server.WorkerThread.run(WorkerThread.java:54) [bin/:?]
	at java.util.concurrent.ThreadPoolExecutor.runWorker(ThreadPoolExecutor.java:1142) [?:1.8.0_121]
	at java.util.concurrent.ThreadPoolExecutor$Worker.run(ThreadPoolExecutor.java:617) [?:1.8.0_121]
	at java.lang.Thread.run(Thread.java:745) [?:1.8.0_121]
2019-07-11 14:30:27 [main] DEBUG fr.triedge.web.server.SBIWebServer - Connection received from: /0:0:0:0:0:0:0:1:53002
2019-07-11 14:30:27 [main] DEBUG fr.triedge.web.server.SBIWebServer - Creating worker to server the request...
2019-07-11 14:30:27 [main] INFO  fr.triedge.web.server.SBIWebServer - Waiting for incoming connections...
2019-07-11 14:30:27 [main] DEBUG fr.triedge.web.server.SBIWebServer - Connection received from: /0:0:0:0:0:0:0:1:53003
2019-07-11 14:30:27 [main] DEBUG fr.triedge.web.server.SBIWebServer - Creating worker to server the request...
2019-07-11 14:30:27 [main] INFO  fr.triedge.web.server.SBIWebServer - Waiting for incoming connections...
2019-07-11 14:30:27 [pool-2-thread-10] DEBUG fr.triedge.web.server.WorkerThread - Worker started
2019-07-11 14:30:27 [pool-2-thread-10] DEBUG fr.triedge.web.server.WorkerThread - Reading headers...
2019-07-11 14:30:27 [pool-2-thread-10] DEBUG fr.triedge.web.server.WorkerThread - GET /amadeus HTTP/1.1
2019-07-11 14:30:27 [pool-2-thread-11] DEBUG fr.triedge.web.server.WorkerThread - Worker started
2019-07-11 14:30:27 [pool-2-thread-10] DEBUG fr.triedge.web.server.WorkerThread - Creating socket outputs...
2019-07-11 14:30:27 [pool-2-thread-11] DEBUG fr.triedge.web.server.WorkerThread - Reading headers...
2019-07-11 14:30:27 [pool-2-thread-10] ERROR fr.triedge.web.server.WorkerThread - Error
java.net.SocketException: Socket is closed
	at java.net.Socket.getOutputStream(Socket.java:943) ~[?:1.8.0_121]
	at fr.triedge.web.server.WorkerThread.run(WorkerThread.java:54) [bin/:?]
	at java.util.concurrent.ThreadPoolExecutor.runWorker(ThreadPoolExecutor.java:1142) [?:1.8.0_121]
	at java.util.concurrent.ThreadPoolExecutor$Worker.run(ThreadPoolExecutor.java:617) [?:1.8.0_121]
	at java.lang.Thread.run(Thread.java:745) [?:1.8.0_121]
2019-07-11 14:33:56 [pool-2-thread-11] DEBUG fr.triedge.web.server.WorkerThread - null
2019-07-11 14:33:56 [pool-2-thread-11] DEBUG fr.triedge.web.server.WorkerThread - Creating socket outputs...
2019-07-11 14:33:56 [pool-2-thread-11] ERROR fr.triedge.web.server.WorkerThread - Error
java.net.SocketException: Socket is closed
	at java.net.Socket.getOutputStream(Socket.java:943) ~[?:1.8.0_121]
	at fr.triedge.web.server.WorkerThread.run(WorkerThread.java:54) [bin/:?]
	at java.util.concurrent.ThreadPoolExecutor.runWorker(ThreadPoolExecutor.java:1142) [?:1.8.0_121]
	at java.util.concurrent.ThreadPoolExecutor$Worker.run(ThreadPoolExecutor.java:617) [?:1.8.0_121]
	at java.lang.Thread.run(Thread.java:745) [?:1.8.0_121]
2019-07-11 15:00:27 [main] DEBUG fr.triedge.web.server.SBIWebServer - Connection received from: /0:0:0:0:0:0:0:1:56604
2019-07-11 15:00:27 [main] DEBUG fr.triedge.web.server.SBIWebServer - Creating worker to server the request...
2019-07-11 15:00:27 [main] INFO  fr.triedge.web.server.SBIWebServer - Waiting for incoming connections...
2019-07-11 15:00:27 [main] DEBUG fr.triedge.web.server.SBIWebServer - Connection received from: /0:0:0:0:0:0:0:1:56605
2019-07-11 15:00:27 [pool-2-thread-12] DEBUG fr.triedge.web.server.WorkerThread - Worker started
2019-07-11 15:00:27 [main] DEBUG fr.triedge.web.server.SBIWebServer - Creating worker to server the request...
2019-07-11 15:00:27 [pool-2-thread-12] DEBUG fr.triedge.web.server.WorkerThread - Reading headers...
2019-07-11 15:00:27 [main] INFO  fr.triedge.web.server.SBIWebServer - Waiting for incoming connections...
2019-07-11 15:00:27 [pool-2-thread-12] DEBUG fr.triedge.web.server.WorkerThread - GET /amadeus HTTP/1.1
2019-07-11 15:00:27 [pool-2-thread-13] DEBUG fr.triedge.web.server.WorkerThread - Worker started
2019-07-11 15:00:27 [pool-2-thread-13] DEBUG fr.triedge.web.server.WorkerThread - Reading headers...
2019-07-11 15:00:27 [pool-2-thread-12] DEBUG fr.triedge.web.server.WorkerThread - Creating socket outputs...
2019-07-11 15:00:27 [pool-2-thread-12] ERROR fr.triedge.web.server.WorkerThread - Error
java.net.SocketException: Socket is closed
	at java.net.Socket.getOutputStream(Socket.java:943) ~[?:1.8.0_121]
	at fr.triedge.web.server.WorkerThread.run(WorkerThread.java:54) [bin/:?]
	at java.util.concurrent.ThreadPoolExecutor.runWorker(ThreadPoolExecutor.java:1142) [?:1.8.0_121]
	at java.util.concurrent.ThreadPoolExecutor$Worker.run(ThreadPoolExecutor.java:617) [?:1.8.0_121]
	at java.lang.Thread.run(Thread.java:745) [?:1.8.0_121]
2019-07-11 15:05:56 [pool-2-thread-13] DEBUG fr.triedge.web.server.WorkerThread - null
2019-07-11 15:05:56 [pool-2-thread-13] DEBUG fr.triedge.web.server.WorkerThread - Creating socket outputs...
2019-07-11 15:05:56 [pool-2-thread-13] ERROR fr.triedge.web.server.WorkerThread - Error
java.net.SocketException: Socket is closed
	at java.net.Socket.getOutputStream(Socket.java:943) ~[?:1.8.0_121]
	at fr.triedge.web.server.WorkerThread.run(WorkerThread.java:54) [bin/:?]
	at java.util.concurrent.ThreadPoolExecutor.runWorker(ThreadPoolExecutor.java:1142) [?:1.8.0_121]
	at java.util.concurrent.ThreadPoolExecutor$Worker.run(ThreadPoolExecutor.java:617) [?:1.8.0_121]
	at java.lang.Thread.run(Thread.java:745) [?:1.8.0_121]
2019-07-11 15:30:27 [main] DEBUG fr.triedge.web.server.SBIWebServer - Connection received from: /0:0:0:0:0:0:0:1:56801
2019-07-11 15:30:27 [main] DEBUG fr.triedge.web.server.SBIWebServer - Creating worker to server the request...
2019-07-11 15:30:27 [main] INFO  fr.triedge.web.server.SBIWebServer - Waiting for incoming connections...
2019-07-11 15:30:27 [main] DEBUG fr.triedge.web.server.SBIWebServer - Connection received from: /0:0:0:0:0:0:0:1:56802
2019-07-11 15:30:27 [main] DEBUG fr.triedge.web.server.SBIWebServer - Creating worker to server the request...
2019-07-11 15:30:27 [pool-2-thread-14] DEBUG fr.triedge.web.server.WorkerThread - Worker started
2019-07-11 15:30:27 [main] INFO  fr.triedge.web.server.SBIWebServer - Waiting for incoming connections...
2019-07-11 15:30:27 [pool-2-thread-14] DEBUG fr.triedge.web.server.WorkerThread - Reading headers...
2019-07-11 15:30:27 [pool-2-thread-14] DEBUG fr.triedge.web.server.WorkerThread - GET /amadeus HTTP/1.1
2019-07-11 15:30:27 [pool-2-thread-14] DEBUG fr.triedge.web.server.WorkerThread - Creating socket outputs...
2019-07-11 15:30:27 [pool-2-thread-15] DEBUG fr.triedge.web.server.WorkerThread - Worker started
2019-07-11 15:30:27 [pool-2-thread-15] DEBUG fr.triedge.web.server.WorkerThread - Reading headers...
2019-07-11 15:30:27 [pool-2-thread-14] ERROR fr.triedge.web.server.WorkerThread - Error
java.net.SocketException: Socket is closed
	at java.net.Socket.getOutputStream(Socket.java:943) ~[?:1.8.0_121]
	at fr.triedge.web.server.WorkerThread.run(WorkerThread.java:54) [bin/:?]
	at java.util.concurrent.ThreadPoolExecutor.runWorker(ThreadPoolExecutor.java:1142) [?:1.8.0_121]
	at java.util.concurrent.ThreadPoolExecutor$Worker.run(ThreadPoolExecutor.java:617) [?:1.8.0_121]
	at java.lang.Thread.run(Thread.java:745) [?:1.8.0_121]
2019-07-11 15:30:27 [pool-2-thread-15] DEBUG fr.triedge.web.server.WorkerThread - GET /amadeus HTTP/1.1
2019-07-11 15:30:27 [pool-2-thread-15] DEBUG fr.triedge.web.server.WorkerThread - Creating socket outputs...
2019-07-11 15:30:27 [pool-2-thread-15] ERROR fr.triedge.web.server.WorkerThread - Error
java.net.SocketException: Socket is closed
	at java.net.Socket.getOutputStream(Socket.java:943) ~[?:1.8.0_121]
	at fr.triedge.web.server.WorkerThread.run(WorkerThread.java:54) [bin/:?]
	at java.util.concurrent.ThreadPoolExecutor.runWorker(ThreadPoolExecutor.java:1142) [?:1.8.0_121]
	at java.util.concurrent.ThreadPoolExecutor$Worker.run(ThreadPoolExecutor.java:617) [?:1.8.0_121]
	at java.lang.Thread.run(Thread.java:745) [?:1.8.0_121]
2019-07-11 15:30:27 [main] DEBUG fr.triedge.web.server.SBIWebServer - Connection received from: /0:0:0:0:0:0:0:1:56803
2019-07-11 15:30:27 [main] DEBUG fr.triedge.web.server.SBIWebServer - Creating worker to server the request...
2019-07-11 15:30:27 [main] INFO  fr.triedge.web.server.SBIWebServer - Waiting for incoming connections...
2019-07-11 15:30:27 [pool-2-thread-16] DEBUG fr.triedge.web.server.WorkerThread - Worker started
2019-07-11 15:30:27 [pool-2-thread-16] DEBUG fr.triedge.web.server.WorkerThread - Reading headers...
2019-07-11 15:30:27 [pool-2-thread-16] DEBUG fr.triedge.web.server.WorkerThread - GET /amadeus HTTP/1.1
2019-07-11 15:30:27 [pool-2-thread-16] DEBUG fr.triedge.web.server.WorkerThread - Creating socket outputs...
2019-07-11 15:30:27 [pool-2-thread-16] ERROR fr.triedge.web.server.WorkerThread - Error
java.net.SocketException: Socket is closed
	at java.net.Socket.getOutputStream(Socket.java:943) ~[?:1.8.0_121]
	at fr.triedge.web.server.WorkerThread.run(WorkerThread.java:54) [bin/:?]
	at java.util.concurrent.ThreadPoolExecutor.runWorker(ThreadPoolExecutor.java:1142) [?:1.8.0_121]
	at java.util.concurrent.ThreadPoolExecutor$Worker.run(ThreadPoolExecutor.java:617) [?:1.8.0_121]
	at java.lang.Thread.run(Thread.java:745) [?:1.8.0_121]
2019-07-11 16:00:27 [main] DEBUG fr.triedge.web.server.SBIWebServer - Connection received from: /0:0:0:0:0:0:0:1:56973
2019-07-11 16:00:27 [main] DEBUG fr.triedge.web.server.SBIWebServer - Creating worker to server the request...
2019-07-11 16:00:27 [main] INFO  fr.triedge.web.server.SBIWebServer - Waiting for incoming connections...
2019-07-11 16:00:27 [main] DEBUG fr.triedge.web.server.SBIWebServer - Connection received from: /0:0:0:0:0:0:0:1:56974
2019-07-11 16:00:27 [pool-2-thread-17] DEBUG fr.triedge.web.server.WorkerThread - Worker started
2019-07-11 16:00:27 [main] DEBUG fr.triedge.web.server.SBIWebServer - Creating worker to server the request...
2019-07-11 16:00:27 [pool-2-thread-17] DEBUG fr.triedge.web.server.WorkerThread - Reading headers...
2019-07-11 16:00:27 [main] INFO  fr.triedge.web.server.SBIWebServer - Waiting for incoming connections...
2019-07-11 16:00:27 [pool-2-thread-17] DEBUG fr.triedge.web.server.WorkerThread - GET /amadeus HTTP/1.1
2019-07-11 16:00:27 [pool-2-thread-17] DEBUG fr.triedge.web.server.WorkerThread - Creating socket outputs...
2019-07-11 16:00:27 [pool-2-thread-18] DEBUG fr.triedge.web.server.WorkerThread - Worker started
2019-07-11 16:00:27 [pool-2-thread-18] DEBUG fr.triedge.web.server.WorkerThread - Reading headers...
2019-07-11 16:00:27 [pool-2-thread-17] ERROR fr.triedge.web.server.WorkerThread - Error
java.net.SocketException: Socket is closed
	at java.net.Socket.getOutputStream(Socket.java:943) ~[?:1.8.0_121]
	at fr.triedge.web.server.WorkerThread.run(WorkerThread.java:54) [bin/:?]
	at java.util.concurrent.ThreadPoolExecutor.runWorker(ThreadPoolExecutor.java:1142) [?:1.8.0_121]
	at java.util.concurrent.ThreadPoolExecutor$Worker.run(ThreadPoolExecutor.java:617) [?:1.8.0_121]
	at java.lang.Thread.run(Thread.java:745) [?:1.8.0_121]
2019-07-11 16:00:27 [pool-2-thread-18] DEBUG fr.triedge.web.server.WorkerThread - GET /amadeus HTTP/1.1
2019-07-11 16:00:27 [pool-2-thread-18] DEBUG fr.triedge.web.server.WorkerThread - Creating socket outputs...
2019-07-11 16:00:27 [pool-2-thread-18] ERROR fr.triedge.web.server.WorkerThread - Error
java.net.SocketException: Socket is closed
	at java.net.Socket.getOutputStream(Socket.java:943) ~[?:1.8.0_121]
	at fr.triedge.web.server.WorkerThread.run(WorkerThread.java:54) [bin/:?]
	at java.util.concurrent.ThreadPoolExecutor.runWorker(ThreadPoolExecutor.java:1142) [?:1.8.0_121]
	at java.util.concurrent.ThreadPoolExecutor$Worker.run(ThreadPoolExecutor.java:617) [?:1.8.0_121]
	at java.lang.Thread.run(Thread.java:745) [?:1.8.0_121]
2019-07-11 16:00:27 [main] DEBUG fr.triedge.web.server.SBIWebServer - Connection received from: /0:0:0:0:0:0:0:1:56975
2019-07-11 16:00:27 [main] DEBUG fr.triedge.web.server.SBIWebServer - Creating worker to server the request...
2019-07-11 16:00:27 [main] INFO  fr.triedge.web.server.SBIWebServer - Waiting for incoming connections...
2019-07-11 16:00:27 [pool-2-thread-19] DEBUG fr.triedge.web.server.WorkerThread - Worker started
2019-07-11 16:00:27 [pool-2-thread-19] DEBUG fr.triedge.web.server.WorkerThread - Reading headers...
2019-07-11 16:00:27 [pool-2-thread-19] DEBUG fr.triedge.web.server.WorkerThread - GET /amadeus HTTP/1.1
2019-07-11 16:00:27 [pool-2-thread-19] DEBUG fr.triedge.web.server.WorkerThread - Creating socket outputs...
2019-07-11 16:00:27 [pool-2-thread-19] ERROR fr.triedge.web.server.WorkerThread - Error
java.net.SocketException: Socket is closed
	at java.net.Socket.getOutputStream(Socket.java:943) ~[?:1.8.0_121]
	at fr.triedge.web.server.WorkerThread.run(WorkerThread.java:54) [bin/:?]
	at java.util.concurrent.ThreadPoolExecutor.runWorker(ThreadPoolExecutor.java:1142) [?:1.8.0_121]
	at java.util.concurrent.ThreadPoolExecutor$Worker.run(ThreadPoolExecutor.java:617) [?:1.8.0_121]
	at java.lang.Thread.run(Thread.java:745) [?:1.8.0_121]
2019-07-11 17:10:21 [main] DEBUG fr.triedge.web.server.SBIWebServer - START: SBIWebServer.createFileHierarchie
2019-07-11 17:10:21 [main] DEBUG fr.triedge.web.server.SBIWebServer - Directory logs already exists
2019-07-11 17:10:21 [main] DEBUG fr.triedge.web.server.SBIWebServer - File conf\server.xml already exists
2019-07-11 17:10:21 [main] DEBUG fr.triedge.web.server.SBIWebServer - END: SBIWebServer.createFileHierarchie
2019-07-11 17:10:21 [main] DEBUG fr.triedge.web.server.SBIWebServer - START: SBIWebServer.reloadServerConfig
2019-07-11 17:10:21 [main] INFO  fr.triedge.web.server.SBIWebServer - Server configuration loaded
2019-07-11 17:10:21 [main] DEBUG fr.triedge.web.server.SBIWebServer - END: SBIWebServer.reloadServerConfig
2019-07-11 17:10:21 [main] INFO  fr.triedge.web.server.SBIWebServer - Server Initialized
2019-07-11 17:10:21 [main] DEBUG fr.triedge.web.server.SBIWebServer - START: SBIWebServer.start
2019-07-11 17:10:21 [main] INFO  fr.triedge.web.server.SBIWebServer - Starting server...
2019-07-11 17:10:21 [main] INFO  fr.triedge.web.server.SBIWebServer - Server listening to port: 8888
2019-07-11 17:10:21 [main] INFO  fr.triedge.web.server.SBIWebServer - Server thread pool size: 20
2019-07-11 17:10:21 [main] INFO  fr.triedge.web.server.SBIWebServer - Waiting for incoming connections...
2019-07-11 17:10:30 [main] DEBUG fr.triedge.web.server.SBIWebServer - Connection received from: /0:0:0:0:0:0:0:1:49886
2019-07-11 17:10:30 [main] DEBUG fr.triedge.web.server.SBIWebServer - Creating worker to server the request...
2019-07-11 17:10:30 [main] INFO  fr.triedge.web.server.SBIWebServer - Waiting for incoming connections...
2019-07-11 17:10:30 [Thread-1] DEBUG fr.triedge.web.server.WorkerThread - Worker started
2019-07-11 17:10:30 [main] DEBUG fr.triedge.web.server.SBIWebServer - Connection received from: /0:0:0:0:0:0:0:1:49887
2019-07-11 17:10:30 [Thread-1] DEBUG fr.triedge.web.server.WorkerThread - Reading headers...
2019-07-11 17:10:30 [main] DEBUG fr.triedge.web.server.SBIWebServer - Creating worker to server the request...
2019-07-11 17:10:30 [main] INFO  fr.triedge.web.server.SBIWebServer - Waiting for incoming connections...
2019-07-11 17:10:30 [Thread-1] DEBUG fr.triedge.web.server.WorkerThread - GET / HTTP/1.1
2019-07-11 17:10:30 [Thread-1] DEBUG fr.triedge.web.server.WorkerThread - Creating socket outputs...
2019-07-11 17:10:30 [Thread-2] DEBUG fr.triedge.web.server.WorkerThread - Worker started
2019-07-11 17:10:30 [Thread-2] DEBUG fr.triedge.web.server.WorkerThread - Reading headers...
2019-07-11 17:10:30 [Thread-1] ERROR fr.triedge.web.server.WorkerThread - Error
java.net.SocketException: Socket is closed
	at java.net.Socket.getOutputStream(Socket.java:943) ~[?:1.8.0_121]
	at fr.triedge.web.server.WorkerThread.run(WorkerThread.java:54) [bin/:?]
	at java.lang.Thread.run(Thread.java:745) [?:1.8.0_121]
2019-07-11 17:10:30 [main] DEBUG fr.triedge.web.server.SBIWebServer - Connection received from: /0:0:0:0:0:0:0:1:49888
2019-07-11 17:10:30 [main] DEBUG fr.triedge.web.server.SBIWebServer - Creating worker to server the request...
2019-07-11 17:10:30 [Thread-2] DEBUG fr.triedge.web.server.WorkerThread - GET / HTTP/1.1
2019-07-11 17:10:30 [main] INFO  fr.triedge.web.server.SBIWebServer - Waiting for incoming connections...
2019-07-11 17:10:30 [Thread-2] DEBUG fr.triedge.web.server.WorkerThread - Creating socket outputs...
2019-07-11 17:10:30 [Thread-2] ERROR fr.triedge.web.server.WorkerThread - Error
java.net.SocketException: Socket is closed
	at java.net.Socket.getOutputStream(Socket.java:943) ~[?:1.8.0_121]
	at fr.triedge.web.server.WorkerThread.run(WorkerThread.java:54) [bin/:?]
	at java.lang.Thread.run(Thread.java:745) [?:1.8.0_121]
2019-07-11 17:10:30 [Thread-3] DEBUG fr.triedge.web.server.WorkerThread - Worker started
2019-07-11 17:10:30 [Thread-3] DEBUG fr.triedge.web.server.WorkerThread - Reading headers...
2019-07-11 17:10:30 [Thread-3] DEBUG fr.triedge.web.server.WorkerThread - GET / HTTP/1.1
2019-07-11 17:10:30 [Thread-3] DEBUG fr.triedge.web.server.WorkerThread - Creating socket outputs...
2019-07-11 17:10:30 [Thread-3] ERROR fr.triedge.web.server.WorkerThread - Error
java.net.SocketException: Socket is closed
	at java.net.Socket.getOutputStream(Socket.java:943) ~[?:1.8.0_121]
	at fr.triedge.web.server.WorkerThread.run(WorkerThread.java:54) [bin/:?]
	at java.lang.Thread.run(Thread.java:745) [?:1.8.0_121]
2019-07-11 17:10:30 [main] DEBUG fr.triedge.web.server.SBIWebServer - Connection received from: /0:0:0:0:0:0:0:1:49889
2019-07-11 17:10:30 [main] DEBUG fr.triedge.web.server.SBIWebServer - Creating worker to server the request...
2019-07-11 17:10:30 [main] INFO  fr.triedge.web.server.SBIWebServer - Waiting for incoming connections...
2019-07-11 17:10:30 [Thread-4] DEBUG fr.triedge.web.server.WorkerThread - Worker started
2019-07-11 17:10:30 [Thread-4] DEBUG fr.triedge.web.server.WorkerThread - Reading headers...
2019-07-11 17:10:30 [Thread-4] DEBUG fr.triedge.web.server.WorkerThread - GET / HTTP/1.1
2019-07-11 17:10:30 [Thread-4] DEBUG fr.triedge.web.server.WorkerThread - Creating socket outputs...
2019-07-11 17:10:30 [Thread-4] ERROR fr.triedge.web.server.WorkerThread - Error
java.net.SocketException: Socket is closed
	at java.net.Socket.getOutputStream(Socket.java:943) ~[?:1.8.0_121]
	at fr.triedge.web.server.WorkerThread.run(WorkerThread.java:54) [bin/:?]
	at java.lang.Thread.run(Thread.java:745) [?:1.8.0_121]
2019-07-11 17:10:35 [main] DEBUG fr.triedge.web.server.SBIWebServer - Connection received from: /0:0:0:0:0:0:0:1:49892
2019-07-11 17:10:35 [main] DEBUG fr.triedge.web.server.SBIWebServer - Creating worker to server the request...
2019-07-11 17:10:35 [main] INFO  fr.triedge.web.server.SBIWebServer - Waiting for incoming connections...
2019-07-11 17:10:35 [main] DEBUG fr.triedge.web.server.SBIWebServer - Connection received from: /0:0:0:0:0:0:0:1:49893
2019-07-11 17:10:35 [main] DEBUG fr.triedge.web.server.SBIWebServer - Creating worker to server the request...
2019-07-11 17:10:35 [Thread-5] DEBUG fr.triedge.web.server.WorkerThread - Worker started
2019-07-11 17:10:35 [Thread-5] DEBUG fr.triedge.web.server.WorkerThread - Reading headers...
2019-07-11 17:10:35 [main] INFO  fr.triedge.web.server.SBIWebServer - Waiting for incoming connections...
2019-07-11 17:10:35 [Thread-6] DEBUG fr.triedge.web.server.WorkerThread - Worker started
2019-07-11 17:10:35 [Thread-6] DEBUG fr.triedge.web.server.WorkerThread - Reading headers...
2019-07-11 17:10:35 [Thread-6] DEBUG fr.triedge.web.server.WorkerThread - GET / HTTP/1.1
2019-07-11 17:10:35 [Thread-6] DEBUG fr.triedge.web.server.WorkerThread - Creating socket outputs...
2019-07-11 17:10:35 [Thread-6] ERROR fr.triedge.web.server.WorkerThread - Error
java.net.SocketException: Socket is closed
	at java.net.Socket.getOutputStream(Socket.java:943) ~[?:1.8.0_121]
	at fr.triedge.web.server.WorkerThread.run(WorkerThread.java:54) [bin/:?]
	at java.lang.Thread.run(Thread.java:745) [?:1.8.0_121]
2019-07-11 17:11:05 [Thread-5] DEBUG fr.triedge.web.server.WorkerThread - null
2019-07-11 17:11:05 [main] DEBUG fr.triedge.web.server.SBIWebServer - Connection received from: /0:0:0:0:0:0:0:1:49896
2019-07-11 17:11:05 [Thread-5] DEBUG fr.triedge.web.server.WorkerThread - Creating socket outputs...
2019-07-11 17:11:05 [main] DEBUG fr.triedge.web.server.SBIWebServer - Creating worker to server the request...
2019-07-11 17:11:05 [main] INFO  fr.triedge.web.server.SBIWebServer - Waiting for incoming connections...
2019-07-11 17:11:05 [Thread-5] ERROR fr.triedge.web.server.WorkerThread - Error
java.net.SocketException: Socket is closed
	at java.net.Socket.getOutputStream(Socket.java:943) ~[?:1.8.0_121]
	at fr.triedge.web.server.WorkerThread.run(WorkerThread.java:54) [bin/:?]
	at java.lang.Thread.run(Thread.java:745) [?:1.8.0_121]
2019-07-11 17:11:05 [main] DEBUG fr.triedge.web.server.SBIWebServer - Connection received from: /0:0:0:0:0:0:0:1:49897
2019-07-11 17:11:05 [main] DEBUG fr.triedge.web.server.SBIWebServer - Creating worker to server the request...
2019-07-11 17:11:05 [Thread-7] DEBUG fr.triedge.web.server.WorkerThread - Worker started
2019-07-11 17:11:05 [Thread-7] DEBUG fr.triedge.web.server.WorkerThread - Reading headers...
2019-07-11 17:11:05 [main] INFO  fr.triedge.web.server.SBIWebServer - Waiting for incoming connections...
2019-07-11 17:11:05 [Thread-7] DEBUG fr.triedge.web.server.WorkerThread - GET / HTTP/1.1
2019-07-11 17:11:05 [Thread-8] DEBUG fr.triedge.web.server.WorkerThread - Worker started
2019-07-11 17:11:05 [Thread-8] DEBUG fr.triedge.web.server.WorkerThread - Reading headers...
2019-07-11 17:11:05 [Thread-7] DEBUG fr.triedge.web.server.WorkerThread - Creating socket outputs...
2019-07-11 17:11:05 [Thread-7] ERROR fr.triedge.web.server.WorkerThread - Error
java.net.SocketException: Socket is closed
	at java.net.Socket.getOutputStream(Socket.java:943) ~[?:1.8.0_121]
	at fr.triedge.web.server.WorkerThread.run(WorkerThread.java:54) [bin/:?]
	at java.lang.Thread.run(Thread.java:745) [?:1.8.0_121]
2019-07-11 17:11:30 [Thread-8] DEBUG fr.triedge.web.server.WorkerThread - null
2019-07-11 17:11:30 [Thread-8] DEBUG fr.triedge.web.server.WorkerThread - Creating socket outputs...
2019-07-11 17:11:30 [Thread-8] ERROR fr.triedge.web.server.WorkerThread - Error
java.net.SocketException: Socket is closed
	at java.net.Socket.getOutputStream(Socket.java:943) ~[?:1.8.0_121]
	at fr.triedge.web.server.WorkerThread.run(WorkerThread.java:54) [bin/:?]
	at java.lang.Thread.run(Thread.java:745) [?:1.8.0_121]
2019-07-11 17:14:10 [main] DEBUG fr.triedge.web.server.SBIWebServer - START: SBIWebServer.createFileHierarchie
2019-07-11 17:14:10 [main] DEBUG fr.triedge.web.server.SBIWebServer - Directory logs already exists
2019-07-11 17:14:10 [main] DEBUG fr.triedge.web.server.SBIWebServer - File conf\server.xml already exists
2019-07-11 17:14:10 [main] DEBUG fr.triedge.web.server.SBIWebServer - END: SBIWebServer.createFileHierarchie
2019-07-11 17:14:10 [main] DEBUG fr.triedge.web.server.SBIWebServer - START: SBIWebServer.reloadServerConfig
2019-07-11 17:14:10 [main] INFO  fr.triedge.web.server.SBIWebServer - Server configuration loaded
2019-07-11 17:14:10 [main] DEBUG fr.triedge.web.server.SBIWebServer - END: SBIWebServer.reloadServerConfig
2019-07-11 17:14:10 [main] INFO  fr.triedge.web.server.SBIWebServer - Server Initialized
2019-07-11 17:14:10 [main] DEBUG fr.triedge.web.server.SBIWebServer - START: SBIWebServer.start
2019-07-11 17:14:10 [main] INFO  fr.triedge.web.server.SBIWebServer - Starting server...
2019-07-11 17:14:10 [main] INFO  fr.triedge.web.server.SBIWebServer - Server listening to port: 8888
2019-07-11 17:14:10 [main] INFO  fr.triedge.web.server.SBIWebServer - Server thread pool size: 20
2019-07-11 17:14:10 [main] INFO  fr.triedge.web.server.SBIWebServer - Waiting for incoming connections...
2019-07-11 17:14:14 [main] DEBUG fr.triedge.web.server.SBIWebServer - Connection received from: /0:0:0:0:0:0:0:1:49935
2019-07-11 17:14:14 [main] DEBUG fr.triedge.web.server.SBIWebServer - Creating worker to server the request...
2019-07-11 17:14:14 [main] INFO  fr.triedge.web.server.SBIWebServer - Waiting for incoming connections...
2019-07-11 17:14:14 [main] DEBUG fr.triedge.web.server.SBIWebServer - Connection received from: /0:0:0:0:0:0:0:1:49936
2019-07-11 17:14:14 [pool-2-thread-1] DEBUG fr.triedge.web.server.WorkerThread - Worker started
2019-07-11 17:14:14 [main] DEBUG fr.triedge.web.server.SBIWebServer - Creating worker to server the request...
2019-07-11 17:14:14 [pool-2-thread-1] DEBUG fr.triedge.web.server.WorkerThread - Reading headers...
2019-07-11 17:14:14 [main] INFO  fr.triedge.web.server.SBIWebServer - Waiting for incoming connections...
2019-07-11 17:14:14 [pool-2-thread-2] DEBUG fr.triedge.web.server.WorkerThread - Worker started
2019-07-11 17:14:14 [pool-2-thread-1] DEBUG fr.triedge.web.server.WorkerThread - GET / HTTP/1.1
2019-07-11 17:14:14 [pool-2-thread-2] DEBUG fr.triedge.web.server.WorkerThread - Reading headers...
2019-07-11 17:14:14 [pool-2-thread-1] DEBUG fr.triedge.web.server.WorkerThread - Creating socket outputs...
2019-07-11 17:14:14 [pool-2-thread-1] DEBUG fr.triedge.web.server.WorkerThread - Getting request path...
2019-07-11 17:14:14 [pool-2-thread-1] DEBUG fr.triedge.web.server.WorkerThread - Path is: /
2019-07-11 17:14:14 [pool-2-thread-1] DEBUG fr.triedge.web.server.WorkerThread - Sending 404
2019-07-11 17:14:14 [pool-2-thread-1] DEBUG fr.triedge.web.server.WorkerThread - 404 sent
2019-07-11 17:14:36 [main] DEBUG fr.triedge.web.server.SBIWebServer - START: SBIWebServer.createFileHierarchie
2019-07-11 17:14:36 [main] DEBUG fr.triedge.web.server.SBIWebServer - Directory logs already exists
2019-07-11 17:14:36 [main] DEBUG fr.triedge.web.server.SBIWebServer - File conf\server.xml already exists
2019-07-11 17:14:36 [main] DEBUG fr.triedge.web.server.SBIWebServer - END: SBIWebServer.createFileHierarchie
2019-07-11 17:14:36 [main] DEBUG fr.triedge.web.server.SBIWebServer - START: SBIWebServer.reloadServerConfig
2019-07-11 17:14:36 [main] INFO  fr.triedge.web.server.SBIWebServer - Server configuration loaded
2019-07-11 17:14:36 [main] DEBUG fr.triedge.web.server.SBIWebServer - END: SBIWebServer.reloadServerConfig
2019-07-11 17:14:36 [main] INFO  fr.triedge.web.server.SBIWebServer - Server Initialized
2019-07-11 17:14:36 [main] DEBUG fr.triedge.web.server.SBIWebServer - START: SBIWebServer.start
2019-07-11 17:14:36 [main] INFO  fr.triedge.web.server.SBIWebServer - Starting server...
2019-07-11 17:14:36 [main] INFO  fr.triedge.web.server.SBIWebServer - Server listening to port: 8888
2019-07-11 17:14:36 [main] INFO  fr.triedge.web.server.SBIWebServer - Server thread pool size: 20
2019-07-11 17:14:36 [main] INFO  fr.triedge.web.server.SBIWebServer - Waiting for incoming connections...
2019-07-11 17:14:40 [main] DEBUG fr.triedge.web.server.SBIWebServer - Connection received from: /0:0:0:0:0:0:0:1:49940
2019-07-11 17:14:40 [main] DEBUG fr.triedge.web.server.SBIWebServer - Creating worker to server the request...
2019-07-11 17:14:40 [main] INFO  fr.triedge.web.server.SBIWebServer - Waiting for incoming connections...
2019-07-11 17:14:40 [main] DEBUG fr.triedge.web.server.SBIWebServer - Connection received from: /0:0:0:0:0:0:0:1:49941
2019-07-11 17:14:40 [pool-2-thread-1] DEBUG fr.triedge.web.server.WorkerThread - Worker started
2019-07-11 17:14:40 [main] DEBUG fr.triedge.web.server.SBIWebServer - Creating worker to server the request...
2019-07-11 17:14:40 [pool-2-thread-1] DEBUG fr.triedge.web.server.WorkerThread - Reading headers...
2019-07-11 17:14:40 [main] INFO  fr.triedge.web.server.SBIWebServer - Waiting for incoming connections...
2019-07-11 17:14:40 [pool-2-thread-2] DEBUG fr.triedge.web.server.WorkerThread - Worker started
2019-07-11 17:14:40 [pool-2-thread-2] DEBUG fr.triedge.web.server.WorkerThread - Reading headers...
2019-07-11 17:14:40 [pool-2-thread-1] DEBUG fr.triedge.web.server.WorkerThread - GET / HTTP/1.1
2019-07-11 17:14:40 [pool-2-thread-1] DEBUG fr.triedge.web.server.WorkerThread - Creating socket outputs...
2019-07-11 17:14:40 [pool-2-thread-1] DEBUG fr.triedge.web.server.WorkerThread - Getting request path...
2019-07-11 17:14:40 [pool-2-thread-1] DEBUG fr.triedge.web.server.WorkerThread - Path is: /
2019-07-11 17:14:40 [pool-2-thread-1] DEBUG fr.triedge.web.server.WorkerThread - Sending 404
2019-07-11 17:14:40 [pool-2-thread-1] DEBUG fr.triedge.web.server.WorkerThread - 404 sent
2019-07-11 17:28:28 [main] DEBUG fr.triedge.web.server.SBIWebServer - START: SBIWebServer.createFileHierarchie
2019-07-11 17:28:28 [main] DEBUG fr.triedge.web.server.SBIWebServer - Directory logs already exists
2019-07-11 17:28:28 [main] DEBUG fr.triedge.web.server.SBIWebServer - File conf\server.xml already exists
2019-07-11 17:28:28 [main] DEBUG fr.triedge.web.server.SBIWebServer - END: SBIWebServer.createFileHierarchie
2019-07-11 17:28:28 [main] DEBUG fr.triedge.web.server.SBIWebServer - START: SBIWebServer.reloadServerConfig
2019-07-11 17:28:28 [main] INFO  fr.triedge.web.server.SBIWebServer - Server configuration loaded
2019-07-11 17:28:28 [main] DEBUG fr.triedge.web.server.SBIWebServer - END: SBIWebServer.reloadServerConfig
2019-07-11 17:28:28 [main] INFO  fr.triedge.web.server.SBIWebServer - Server Initialized
2019-07-11 17:28:28 [main] DEBUG fr.triedge.web.server.SBIWebServer - START: SBIWebServer.start
2019-07-11 17:28:28 [main] INFO  fr.triedge.web.server.SBIWebServer - Starting server...
2019-07-11 17:28:28 [main] INFO  fr.triedge.web.server.SBIWebServer - Server listening to port: 8888
2019-07-11 17:28:28 [main] INFO  fr.triedge.web.server.SBIWebServer - Server thread pool size: 20
2019-07-11 17:28:28 [main] INFO  fr.triedge.web.server.SBIWebServer - Waiting for incoming connections...
2019-07-11 17:28:32 [main] DEBUG fr.triedge.web.server.SBIWebServer - Connection received from: /0:0:0:0:0:0:0:1:49991
2019-07-11 17:28:32 [main] DEBUG fr.triedge.web.server.SBIWebServer - Creating worker to server the request...
2019-07-11 17:28:32 [main] INFO  fr.triedge.web.server.SBIWebServer - Waiting for incoming connections...
2019-07-11 17:28:32 [main] DEBUG fr.triedge.web.server.SBIWebServer - Connection received from: /0:0:0:0:0:0:0:1:49992
2019-07-11 17:28:32 [pool-2-thread-1] DEBUG fr.triedge.web.server.WorkerThread - Worker started
2019-07-11 17:28:32 [main] DEBUG fr.triedge.web.server.SBIWebServer - Creating worker to server the request...
2019-07-11 17:28:32 [pool-2-thread-1] DEBUG fr.triedge.web.server.WorkerThread - Reading headers...
2019-07-11 17:28:32 [main] INFO  fr.triedge.web.server.SBIWebServer - Waiting for incoming connections...
2019-07-11 17:28:32 [pool-2-thread-2] DEBUG fr.triedge.web.server.WorkerThread - Worker started
2019-07-11 17:28:32 [pool-2-thread-1] DEBUG fr.triedge.web.server.WorkerThread - GET / HTTP/1.1
2019-07-11 17:28:32 [pool-2-thread-2] DEBUG fr.triedge.web.server.WorkerThread - Reading headers...
2019-07-11 17:28:32 [pool-2-thread-1] DEBUG fr.triedge.web.server.WorkerThread - Host: localhost:8888
2019-07-11 17:28:32 [pool-2-thread-1] DEBUG fr.triedge.web.server.WorkerThread - Connection: keep-alive
2019-07-11 17:28:32 [pool-2-thread-1] DEBUG fr.triedge.web.server.WorkerThread - Cache-Control: max-age=0
2019-07-11 17:28:32 [pool-2-thread-1] DEBUG fr.triedge.web.server.WorkerThread - Upgrade-Insecure-Requests: 1
2019-07-11 17:28:32 [pool-2-thread-1] DEBUG fr.triedge.web.server.WorkerThread - User-Agent: Mozilla/5.0 (Windows NT 6.3; Win64; x64) AppleWebKit/537.36 (KHTML, like Gecko) Chrome/75.0.3770.100 Safari/537.36
2019-07-11 17:28:32 [pool-2-thread-1] DEBUG fr.triedge.web.server.WorkerThread - Accept: text/html,application/xhtml+xml,application/xml;q=0.9,image/webp,image/apng,*/*;q=0.8,application/signed-exchange;v=b3
2019-07-11 17:28:32 [pool-2-thread-1] DEBUG fr.triedge.web.server.WorkerThread - Accept-Encoding: gzip, deflate, br
2019-07-11 17:28:32 [pool-2-thread-1] DEBUG fr.triedge.web.server.WorkerThread - Accept-Language: fr-FR,fr;q=0.9,en-US;q=0.8,en;q=0.7
2019-07-11 17:28:32 [pool-2-thread-1] DEBUG fr.triedge.web.server.WorkerThread - 
2019-07-11 17:30:38 [main] DEBUG fr.triedge.web.server.SBIWebServer - START: SBIWebServer.createFileHierarchie
2019-07-11 17:30:38 [main] DEBUG fr.triedge.web.server.SBIWebServer - Directory logs already exists
2019-07-11 17:30:38 [main] DEBUG fr.triedge.web.server.SBIWebServer - File conf\server.xml already exists
2019-07-11 17:30:38 [main] DEBUG fr.triedge.web.server.SBIWebServer - END: SBIWebServer.createFileHierarchie
2019-07-11 17:30:38 [main] DEBUG fr.triedge.web.server.SBIWebServer - START: SBIWebServer.reloadServerConfig
2019-07-11 17:30:38 [main] INFO  fr.triedge.web.server.SBIWebServer - Server configuration loaded
2019-07-11 17:30:38 [main] DEBUG fr.triedge.web.server.SBIWebServer - END: SBIWebServer.reloadServerConfig
2019-07-11 17:30:38 [main] INFO  fr.triedge.web.server.SBIWebServer - Server Initialized
2019-07-11 17:30:38 [main] DEBUG fr.triedge.web.server.SBIWebServer - START: SBIWebServer.start
2019-07-11 17:30:38 [main] INFO  fr.triedge.web.server.SBIWebServer - Starting server...
2019-07-11 17:30:38 [main] INFO  fr.triedge.web.server.SBIWebServer - Server listening to port: 8888
2019-07-11 17:30:38 [main] INFO  fr.triedge.web.server.SBIWebServer - Server thread pool size: 20
2019-07-11 17:30:38 [main] INFO  fr.triedge.web.server.SBIWebServer - Waiting for incoming connections...
2019-07-11 17:30:42 [main] DEBUG fr.triedge.web.server.SBIWebServer - Connection received from: /0:0:0:0:0:0:0:1:50012
2019-07-11 17:30:42 [main] DEBUG fr.triedge.web.server.SBIWebServer - Creating worker to server the request...
2019-07-11 17:30:42 [main] INFO  fr.triedge.web.server.SBIWebServer - Waiting for incoming connections...
2019-07-11 17:30:42 [main] DEBUG fr.triedge.web.server.SBIWebServer - Connection received from: /0:0:0:0:0:0:0:1:50013
2019-07-11 17:30:42 [pool-2-thread-1] DEBUG fr.triedge.web.server.WorkerThread - Worker started
2019-07-11 17:30:42 [main] DEBUG fr.triedge.web.server.SBIWebServer - Creating worker to server the request...
2019-07-11 17:30:42 [pool-2-thread-1] DEBUG fr.triedge.web.server.WorkerThread - Reading headers...
2019-07-11 17:30:42 [main] INFO  fr.triedge.web.server.SBIWebServer - Waiting for incoming connections...
2019-07-11 17:30:42 [pool-2-thread-2] DEBUG fr.triedge.web.server.WorkerThread - Worker started
2019-07-11 17:30:42 [pool-2-thread-2] DEBUG fr.triedge.web.server.WorkerThread - Reading headers...
2019-07-11 17:30:42 [pool-2-thread-1] DEBUG fr.triedge.web.server.WorkerThread - GET / HTTP/1.1
2019-07-11 17:30:42 [pool-2-thread-1] DEBUG fr.triedge.web.server.WorkerThread - Creating socket outputs...
2019-07-11 17:30:42 [pool-2-thread-1] DEBUG fr.triedge.web.server.WorkerThread - Getting request path...
2019-07-11 17:30:42 [pool-2-thread-1] DEBUG fr.triedge.web.server.WorkerThread - Path is: /
2019-07-11 17:30:42 [pool-2-thread-1] DEBUG fr.triedge.web.server.WorkerThread - Sending 404
2019-07-11 17:30:42 [pool-2-thread-1] DEBUG fr.triedge.web.server.WorkerThread - HTTP response sent
2019-07-11 17:32:36 [pool-2-thread-2] DEBUG fr.triedge.web.server.WorkerThread - null
2019-07-11 17:32:36 [pool-2-thread-2] DEBUG fr.triedge.web.server.WorkerThread - Creating socket outputs...
2019-07-11 17:32:36 [pool-2-thread-2] DEBUG fr.triedge.web.server.WorkerThread - Getting request path...
2019-07-11 17:43:37 [main] DEBUG fr.triedge.web.server.SBIWebServer - START: SBIWebServer.createFileHierarchie
2019-07-11 17:43:37 [main] DEBUG fr.triedge.web.server.SBIWebServer - Directory logs already exists
2019-07-11 17:43:37 [main] DEBUG fr.triedge.web.server.SBIWebServer - File conf\server.xml already exists
2019-07-11 17:43:37 [main] DEBUG fr.triedge.web.server.SBIWebServer - END: SBIWebServer.createFileHierarchie
2019-07-11 17:43:37 [main] DEBUG fr.triedge.web.server.SBIWebServer - START: SBIWebServer.reloadServerConfig
2019-07-11 17:43:37 [main] INFO  fr.triedge.web.server.SBIWebServer - Server configuration loaded
2019-07-11 17:43:37 [main] DEBUG fr.triedge.web.server.SBIWebServer - END: SBIWebServer.reloadServerConfig
2019-07-11 17:43:37 [main] INFO  fr.triedge.web.server.SBIWebServer - Server Initialized
2019-07-11 17:43:37 [main] DEBUG fr.triedge.web.server.SBIWebServer - START: SBIWebServer.start
2019-07-11 17:43:37 [main] INFO  fr.triedge.web.server.SBIWebServer - Starting server...
2019-07-11 17:43:37 [main] INFO  fr.triedge.web.server.SBIWebServer - Server listening to port: 8888
2019-07-11 17:43:37 [main] INFO  fr.triedge.web.server.SBIWebServer - Server thread pool size: 20
2019-07-11 17:43:37 [main] INFO  fr.triedge.web.server.SBIWebServer - Waiting for incoming connections...
2019-07-11 17:44:46 [main] DEBUG fr.triedge.web.server.SBIWebServer - START: SBIWebServer.createFileHierarchie
2019-07-11 17:44:46 [main] DEBUG fr.triedge.web.server.SBIWebServer - Directory logs already exists
2019-07-11 17:44:46 [main] DEBUG fr.triedge.web.server.SBIWebServer - File conf\server.xml already exists
2019-07-11 17:44:46 [main] DEBUG fr.triedge.web.server.SBIWebServer - END: SBIWebServer.createFileHierarchie
2019-07-11 17:44:46 [main] DEBUG fr.triedge.web.server.SBIWebServer - START: SBIWebServer.reloadServerConfig
2019-07-11 17:44:46 [main] INFO  fr.triedge.web.server.SBIWebServer - Server configuration loaded
2019-07-11 17:44:46 [main] DEBUG fr.triedge.web.server.SBIWebServer - END: SBIWebServer.reloadServerConfig
2019-07-11 17:44:46 [main] INFO  fr.triedge.web.server.SBIWebServer - Server Initialized
2019-07-11 17:44:46 [main] DEBUG fr.triedge.web.server.SBIWebServer - START: SBIWebServer.start
2019-07-11 17:44:46 [main] INFO  fr.triedge.web.server.SBIWebServer - Starting server...
2019-07-11 17:44:46 [main] INFO  fr.triedge.web.server.SBIWebServer - Server listening to port: 8888
2019-07-11 17:44:46 [main] INFO  fr.triedge.web.server.SBIWebServer - Server thread pool size: 20
2019-07-11 17:44:46 [main] INFO  fr.triedge.web.server.SBIWebServer - Waiting for incoming connections...
2019-07-11 17:44:51 [main] DEBUG fr.triedge.web.server.SBIWebServer - Connection received from: /0:0:0:0:0:0:0:1:50106
2019-07-11 17:44:51 [main] DEBUG fr.triedge.web.server.SBIWebServer - Creating worker to server the request...
2019-07-11 17:44:51 [main] INFO  fr.triedge.web.server.SBIWebServer - Waiting for incoming connections...
2019-07-11 17:44:51 [main] DEBUG fr.triedge.web.server.SBIWebServer - Connection received from: /0:0:0:0:0:0:0:1:50107
2019-07-11 17:44:51 [pool-2-thread-1] DEBUG fr.triedge.web.server.WorkerThread - Worker started
2019-07-11 17:44:51 [main] DEBUG fr.triedge.web.server.SBIWebServer - Creating worker to server the request...
2019-07-11 17:44:51 [pool-2-thread-1] DEBUG fr.triedge.web.server.WorkerThread - Reading headers...
2019-07-11 17:44:51 [main] INFO  fr.triedge.web.server.SBIWebServer - Waiting for incoming connections...
2019-07-11 17:44:51 [pool-2-thread-2] DEBUG fr.triedge.web.server.WorkerThread - Worker started
2019-07-11 17:44:51 [pool-2-thread-2] DEBUG fr.triedge.web.server.WorkerThread - Reading headers...
2019-07-11 17:44:51 [pool-2-thread-1] DEBUG fr.triedge.web.server.WorkerThread - GET / HTTP/1.1
2019-07-11 17:44:51 [pool-2-thread-1] DEBUG fr.triedge.web.server.WorkerThread - Creating socket outputs...
2019-07-11 17:44:51 [pool-2-thread-1] DEBUG fr.triedge.web.server.WorkerThread - Getting request path...
2019-07-11 17:44:51 [pool-2-thread-1] DEBUG fr.triedge.web.server.WorkerThread - Path is: /
2019-07-11 17:44:51 [pool-2-thread-1] DEBUG fr.triedge.web.server.WorkerThread - HTTP response sent
2019-07-11 17:44:57 [pool-2-thread-2] DEBUG fr.triedge.web.server.WorkerThread - GET /page1.html HTTP/1.1
2019-07-11 17:44:57 [pool-2-thread-2] DEBUG fr.triedge.web.server.WorkerThread - Creating socket outputs...
2019-07-11 17:44:57 [pool-2-thread-2] DEBUG fr.triedge.web.server.WorkerThread - Getting request path...
2019-07-11 17:44:57 [pool-2-thread-2] DEBUG fr.triedge.web.server.WorkerThread - Path is: /page1.html
2019-07-11 17:44:57 [pool-2-thread-2] DEBUG fr.triedge.web.server.WorkerThread - HTTP response sent
2019-07-11 17:45:01 [main] DEBUG fr.triedge.web.server.SBIWebServer - Connection received from: /0:0:0:0:0:0:0:1:50108
2019-07-11 17:45:01 [main] DEBUG fr.triedge.web.server.SBIWebServer - Creating worker to server the request...
2019-07-11 17:45:01 [main] INFO  fr.triedge.web.server.SBIWebServer - Waiting for incoming connections...
2019-07-11 17:45:01 [pool-2-thread-3] DEBUG fr.triedge.web.server.WorkerThread - Worker started
2019-07-11 17:45:01 [pool-2-thread-3] DEBUG fr.triedge.web.server.WorkerThread - Reading headers...
2019-07-11 17:45:02 [pool-2-thread-3] DEBUG fr.triedge.web.server.WorkerThread - GET /favicon.ico HTTP/1.1
2019-07-11 17:45:02 [pool-2-thread-3] DEBUG fr.triedge.web.server.WorkerThread - Creating socket outputs...
2019-07-11 17:45:02 [pool-2-thread-3] DEBUG fr.triedge.web.server.WorkerThread - Getting request path...
2019-07-11 17:45:02 [pool-2-thread-3] DEBUG fr.triedge.web.server.WorkerThread - Path is: /favicon.ico
2019-07-11 17:45:02 [pool-2-thread-3] DEBUG fr.triedge.web.server.WorkerThread - Sending 404
2019-07-11 17:45:02 [pool-2-thread-3] DEBUG fr.triedge.web.server.WorkerThread - HTTP response sent
2019-07-11 17:45:02 [main] DEBUG fr.triedge.web.server.SBIWebServer - Connection received from: /0:0:0:0:0:0:0:1:50109
2019-07-11 17:45:02 [main] DEBUG fr.triedge.web.server.SBIWebServer - Creating worker to server the request...
2019-07-11 17:45:02 [main] INFO  fr.triedge.web.server.SBIWebServer - Waiting for incoming connections...
2019-07-11 17:45:02 [pool-2-thread-4] DEBUG fr.triedge.web.server.WorkerThread - Worker started
2019-07-11 17:45:02 [pool-2-thread-4] DEBUG fr.triedge.web.server.WorkerThread - Reading headers...
2019-07-11 17:46:12 [main] DEBUG fr.triedge.web.server.SBIWebServer - START: SBIWebServer.createFileHierarchie
2019-07-11 17:46:12 [main] DEBUG fr.triedge.web.server.SBIWebServer - Directory logs already exists
2019-07-11 17:46:12 [main] DEBUG fr.triedge.web.server.SBIWebServer - File conf\server.xml already exists
2019-07-11 17:46:12 [main] DEBUG fr.triedge.web.server.SBIWebServer - END: SBIWebServer.createFileHierarchie
2019-07-11 17:46:12 [main] DEBUG fr.triedge.web.server.SBIWebServer - START: SBIWebServer.reloadServerConfig
2019-07-11 17:46:12 [main] INFO  fr.triedge.web.server.SBIWebServer - Server configuration loaded
2019-07-11 17:46:12 [main] DEBUG fr.triedge.web.server.SBIWebServer - END: SBIWebServer.reloadServerConfig
2019-07-11 17:46:12 [main] INFO  fr.triedge.web.server.SBIWebServer - Server Initialized
2019-07-11 17:46:12 [main] DEBUG fr.triedge.web.server.SBIWebServer - START: SBIWebServer.start
2019-07-11 17:46:12 [main] INFO  fr.triedge.web.server.SBIWebServer - Starting server...
2019-07-11 17:46:12 [main] INFO  fr.triedge.web.server.SBIWebServer - Server listening to port: 8888
2019-07-11 17:46:12 [main] INFO  fr.triedge.web.server.SBIWebServer - Server thread pool size: 20
2019-07-11 17:46:12 [main] INFO  fr.triedge.web.server.SBIWebServer - Waiting for incoming connections...
2019-07-11 17:46:16 [main] DEBUG fr.triedge.web.server.SBIWebServer - Connection received from: /0:0:0:0:0:0:0:1:50131
2019-07-11 17:46:16 [main] DEBUG fr.triedge.web.server.SBIWebServer - Creating worker to server the request...
2019-07-11 17:46:16 [main] INFO  fr.triedge.web.server.SBIWebServer - Waiting for incoming connections...
2019-07-11 17:46:16 [pool-2-thread-1] DEBUG fr.triedge.web.server.WorkerThread - Worker started
2019-07-11 17:46:16 [main] DEBUG fr.triedge.web.server.SBIWebServer - Connection received from: /0:0:0:0:0:0:0:1:50132
2019-07-11 17:46:16 [pool-2-thread-1] DEBUG fr.triedge.web.server.WorkerThread - Reading headers...
2019-07-11 17:46:16 [main] DEBUG fr.triedge.web.server.SBIWebServer - Creating worker to server the request...
2019-07-11 17:46:16 [main] INFO  fr.triedge.web.server.SBIWebServer - Waiting for incoming connections...
2019-07-11 17:46:16 [pool-2-thread-1] DEBUG fr.triedge.web.server.WorkerThread - GET /pages/page1.html HTTP/1.1
2019-07-11 17:46:16 [pool-2-thread-2] DEBUG fr.triedge.web.server.WorkerThread - Worker started
2019-07-11 17:46:16 [pool-2-thread-1] DEBUG fr.triedge.web.server.WorkerThread - Creating socket outputs...
2019-07-11 17:46:16 [pool-2-thread-2] DEBUG fr.triedge.web.server.WorkerThread - Reading headers...
2019-07-11 17:46:16 [pool-2-thread-1] DEBUG fr.triedge.web.server.WorkerThread - Getting request path...
2019-07-11 17:46:16 [pool-2-thread-1] DEBUG fr.triedge.web.server.WorkerThread - Path is: /pages/page1.html
2019-07-11 17:46:16 [pool-2-thread-1] DEBUG fr.triedge.web.server.WorkerThread - Sending 404
2019-07-11 17:46:16 [pool-2-thread-1] DEBUG fr.triedge.web.server.WorkerThread - HTTP response sent
2019-07-11 17:46:27 [pool-2-thread-2] DEBUG fr.triedge.web.server.WorkerThread - null
2019-07-11 17:46:27 [pool-2-thread-2] DEBUG fr.triedge.web.server.WorkerThread - Creating socket outputs...
2019-07-11 17:46:27 [main] DEBUG fr.triedge.web.server.SBIWebServer - Connection received from: /0:0:0:0:0:0:0:1:50135
2019-07-11 17:46:27 [pool-2-thread-2] DEBUG fr.triedge.web.server.WorkerThread - Getting request path...
2019-07-11 17:46:27 [main] DEBUG fr.triedge.web.server.SBIWebServer - Creating worker to server the request...
2019-07-11 17:46:27 [main] INFO  fr.triedge.web.server.SBIWebServer - Waiting for incoming connections...
2019-07-11 17:46:27 [pool-2-thread-3] DEBUG fr.triedge.web.server.WorkerThread - Worker started
2019-07-11 17:46:27 [pool-2-thread-3] DEBUG fr.triedge.web.server.WorkerThread - Reading headers...
2019-07-11 17:47:18 [pool-2-thread-3] DEBUG fr.triedge.web.server.WorkerThread - null
2019-07-11 17:47:18 [pool-2-thread-3] DEBUG fr.triedge.web.server.WorkerThread - Creating socket outputs...
2019-07-11 17:47:18 [main] DEBUG fr.triedge.web.server.SBIWebServer - Connection received from: /0:0:0:0:0:0:0:1:50142
2019-07-11 17:47:18 [pool-2-thread-3] DEBUG fr.triedge.web.server.WorkerThread - Getting request path...
2019-07-11 17:47:18 [main] DEBUG fr.triedge.web.server.SBIWebServer - Creating worker to server the request...
2019-07-11 17:47:18 [main] INFO  fr.triedge.web.server.SBIWebServer - Waiting for incoming connections...
2019-07-11 17:47:18 [main] DEBUG fr.triedge.web.server.SBIWebServer - Connection received from: /0:0:0:0:0:0:0:1:50143
2019-07-11 17:47:18 [pool-2-thread-6] DEBUG fr.triedge.web.server.WorkerThread - Worker started
2019-07-11 17:47:18 [main] DEBUG fr.triedge.web.server.SBIWebServer - Creating worker to server the request...
2019-07-11 17:47:18 [pool-2-thread-6] DEBUG fr.triedge.web.server.WorkerThread - Reading headers...
2019-07-11 17:47:18 [main] INFO  fr.triedge.web.server.SBIWebServer - Waiting for incoming connections...
2019-07-11 17:47:18 [pool-2-thread-6] DEBUG fr.triedge.web.server.WorkerThread - GET / HTTP/1.1
2019-07-11 17:47:18 [pool-2-thread-6] DEBUG fr.triedge.web.server.WorkerThread - Creating socket outputs...
2019-07-11 17:47:18 [pool-2-thread-7] DEBUG fr.triedge.web.server.WorkerThread - Worker started
2019-07-11 17:47:18 [pool-2-thread-6] DEBUG fr.triedge.web.server.WorkerThread - Getting request path...
2019-07-11 17:47:18 [pool-2-thread-7] DEBUG fr.triedge.web.server.WorkerThread - Reading headers...
2019-07-11 17:47:18 [pool-2-thread-6] DEBUG fr.triedge.web.server.WorkerThread - Path is: /
2019-07-11 17:47:18 [pool-2-thread-6] DEBUG fr.triedge.web.server.WorkerThread - HTTP response sent
2019-07-11 17:47:54 [pool-2-thread-7] DEBUG fr.triedge.web.server.WorkerThread - null
2019-07-11 17:47:54 [pool-2-thread-7] DEBUG fr.triedge.web.server.WorkerThread - Creating socket outputs...
2019-07-11 17:47:54 [main] DEBUG fr.triedge.web.server.SBIWebServer - Connection received from: /0:0:0:0:0:0:0:1:50144
2019-07-11 17:47:54 [pool-2-thread-7] DEBUG fr.triedge.web.server.WorkerThread - Getting request path...
2019-07-11 17:47:54 [main] DEBUG fr.triedge.web.server.SBIWebServer - Creating worker to server the request...
2019-07-11 17:47:54 [main] INFO  fr.triedge.web.server.SBIWebServer - Waiting for incoming connections...
2019-07-11 17:47:54 [main] DEBUG fr.triedge.web.server.SBIWebServer - Connection received from: /0:0:0:0:0:0:0:1:50145
2019-07-11 17:47:54 [pool-2-thread-9] DEBUG fr.triedge.web.server.WorkerThread - Worker started
2019-07-11 17:47:54 [main] DEBUG fr.triedge.web.server.SBIWebServer - Creating worker to server the request...
2019-07-11 17:47:54 [pool-2-thread-9] DEBUG fr.triedge.web.server.WorkerThread - Reading headers...
2019-07-11 17:47:54 [main] INFO  fr.triedge.web.server.SBIWebServer - Waiting for incoming connections...
2019-07-11 17:47:54 [pool-2-thread-9] DEBUG fr.triedge.web.server.WorkerThread - GET /page1.html HTTP/1.1
2019-07-11 17:47:54 [pool-2-thread-10] DEBUG fr.triedge.web.server.WorkerThread - Worker started
2019-07-11 17:47:54 [pool-2-thread-9] DEBUG fr.triedge.web.server.WorkerThread - Creating socket outputs...
2019-07-11 17:47:54 [pool-2-thread-10] DEBUG fr.triedge.web.server.WorkerThread - Reading headers...
2019-07-11 17:47:54 [pool-2-thread-9] DEBUG fr.triedge.web.server.WorkerThread - Getting request path...
2019-07-11 17:47:54 [pool-2-thread-9] DEBUG fr.triedge.web.server.WorkerThread - Path is: /page1.html
2019-07-11 17:47:54 [pool-2-thread-9] DEBUG fr.triedge.web.server.WorkerThread - HTTP response sent
2019-07-11 17:49:03 [pool-2-thread-10] DEBUG fr.triedge.web.server.WorkerThread - null
2019-07-11 17:49:03 [pool-2-thread-10] DEBUG fr.triedge.web.server.WorkerThread - Creating socket outputs...
2019-07-11 17:49:03 [pool-2-thread-10] DEBUG fr.triedge.web.server.WorkerThread - Getting request path...
2019-07-11 17:49:51 [main] DEBUG fr.triedge.web.server.SBIWebServer - START: SBIWebServer.createFileHierarchie
2019-07-11 17:49:51 [main] DEBUG fr.triedge.web.server.SBIWebServer - Directory logs already exists
2019-07-11 17:49:51 [main] DEBUG fr.triedge.web.server.SBIWebServer - File conf\server.xml already exists
2019-07-11 17:49:51 [main] DEBUG fr.triedge.web.server.SBIWebServer - END: SBIWebServer.createFileHierarchie
2019-07-11 17:49:51 [main] DEBUG fr.triedge.web.server.SBIWebServer - START: SBIWebServer.reloadServerConfig
2019-07-11 17:49:51 [main] INFO  fr.triedge.web.server.SBIWebServer - Server configuration loaded
2019-07-11 17:49:51 [main] DEBUG fr.triedge.web.server.SBIWebServer - END: SBIWebServer.reloadServerConfig
2019-07-11 17:49:51 [main] INFO  fr.triedge.web.server.SBIWebServer - Server Initialized
2019-07-11 17:49:51 [main] DEBUG fr.triedge.web.server.SBIWebServer - START: SBIWebServer.start
2019-07-11 17:49:51 [main] INFO  fr.triedge.web.server.SBIWebServer - Starting server...
2019-07-11 17:49:51 [main] INFO  fr.triedge.web.server.SBIWebServer - Server listening to port: 8888
2019-07-11 17:49:51 [main] INFO  fr.triedge.web.server.SBIWebServer - Server thread pool size: 20
2019-07-11 17:49:51 [main] INFO  fr.triedge.web.server.SBIWebServer - Waiting for incoming connections...
2019-07-11 17:50:00 [main] DEBUG fr.triedge.web.server.SBIWebServer - Connection received from: /0:0:0:0:0:0:0:1:50155
2019-07-11 17:50:00 [main] DEBUG fr.triedge.web.server.SBIWebServer - Creating worker to server the request...
2019-07-11 17:50:00 [main] INFO  fr.triedge.web.server.SBIWebServer - Waiting for incoming connections...
2019-07-11 17:50:00 [main] DEBUG fr.triedge.web.server.SBIWebServer - Connection received from: /0:0:0:0:0:0:0:1:50156
2019-07-11 17:50:00 [pool-2-thread-1] DEBUG fr.triedge.web.server.WorkerThread - Worker started
2019-07-11 17:50:00 [main] DEBUG fr.triedge.web.server.SBIWebServer - Creating worker to server the request...
2019-07-11 17:50:00 [pool-2-thread-1] DEBUG fr.triedge.web.server.WorkerThread - Reading headers...
2019-07-11 17:50:00 [main] INFO  fr.triedge.web.server.SBIWebServer - Waiting for incoming connections...
2019-07-11 17:50:00 [pool-2-thread-2] DEBUG fr.triedge.web.server.WorkerThread - Worker started
2019-07-11 17:50:00 [pool-2-thread-1] DEBUG fr.triedge.web.server.WorkerThread - GET / HTTP/1.1
2019-07-11 17:50:00 [pool-2-thread-2] DEBUG fr.triedge.web.server.WorkerThread - Reading headers...
2019-07-11 17:50:00 [pool-2-thread-1] DEBUG fr.triedge.web.server.WorkerThread - Creating socket outputs...
2019-07-11 17:50:00 [pool-2-thread-1] DEBUG fr.triedge.web.server.WorkerThread - Getting request path...
2019-07-11 17:50:00 [pool-2-thread-1] DEBUG fr.triedge.web.server.WorkerThread - Path is: /
2019-07-11 17:50:00 [pool-2-thread-1] DEBUG fr.triedge.web.server.WorkerThread - HTTP response sent
2019-07-11 17:50:17 [pool-2-thread-2] DEBUG fr.triedge.web.server.WorkerThread - null
2019-07-11 17:50:17 [pool-2-thread-2] DEBUG fr.triedge.web.server.WorkerThread - Creating socket outputs...
2019-07-11 17:50:17 [main] DEBUG fr.triedge.web.server.SBIWebServer - Connection received from: /0:0:0:0:0:0:0:1:50157
2019-07-11 17:50:17 [pool-2-thread-2] DEBUG fr.triedge.web.server.WorkerThread - Getting request path...
2019-07-11 17:50:17 [main] DEBUG fr.triedge.web.server.SBIWebServer - Creating worker to server the request...
2019-07-11 17:50:17 [pool-2-thread-2] DEBUG fr.triedge.web.server.WorkerThread - Path is: null
2019-07-11 17:50:17 [pool-2-thread-2] DEBUG fr.triedge.web.server.WorkerThread - HTTP response sent
2019-07-11 17:50:17 [main] INFO  fr.triedge.web.server.SBIWebServer - Waiting for incoming connections...
2019-07-11 17:50:17 [main] DEBUG fr.triedge.web.server.SBIWebServer - Connection received from: /0:0:0:0:0:0:0:1:50158
2019-07-11 17:50:17 [main] DEBUG fr.triedge.web.server.SBIWebServer - Creating worker to server the request...
2019-07-11 17:50:17 [main] INFO  fr.triedge.web.server.SBIWebServer - Waiting for incoming connections...
2019-07-11 17:50:17 [pool-2-thread-4] DEBUG fr.triedge.web.server.WorkerThread - Worker started
2019-07-11 17:50:17 [pool-2-thread-4] DEBUG fr.triedge.web.server.WorkerThread - Reading headers...
2019-07-11 17:50:17 [pool-2-thread-3] DEBUG fr.triedge.web.server.WorkerThread - Worker started
2019-07-11 17:50:17 [pool-2-thread-3] DEBUG fr.triedge.web.server.WorkerThread - Reading headers...
2019-07-11 17:50:17 [pool-2-thread-3] DEBUG fr.triedge.web.server.WorkerThread - GET /page1.html HTTP/1.1
2019-07-11 17:50:17 [pool-2-thread-3] DEBUG fr.triedge.web.server.WorkerThread - Creating socket outputs...
2019-07-11 17:50:17 [pool-2-thread-3] DEBUG fr.triedge.web.server.WorkerThread - Getting request path...
2019-07-11 17:50:17 [pool-2-thread-3] DEBUG fr.triedge.web.server.WorkerThread - Path is: /page1.html
2019-07-11 17:50:17 [pool-2-thread-3] DEBUG fr.triedge.web.server.WorkerThread - HTTP response sent
2019-07-11 17:50:21 [main] DEBUG fr.triedge.web.server.SBIWebServer - Connection received from: /0:0:0:0:0:0:0:1:50160
2019-07-11 17:50:21 [main] DEBUG fr.triedge.web.server.SBIWebServer - Creating worker to server the request...
2019-07-11 17:50:21 [pool-2-thread-4] DEBUG fr.triedge.web.server.WorkerThread - GET /index.html HTTP/1.1
2019-07-11 17:50:21 [main] INFO  fr.triedge.web.server.SBIWebServer - Waiting for incoming connections...
2019-07-11 17:50:21 [pool-2-thread-4] DEBUG fr.triedge.web.server.WorkerThread - Creating socket outputs...
2019-07-11 17:50:21 [pool-2-thread-4] DEBUG fr.triedge.web.server.WorkerThread - Getting request path...
2019-07-11 17:50:21 [pool-2-thread-5] DEBUG fr.triedge.web.server.WorkerThread - Worker started
2019-07-11 17:50:21 [pool-2-thread-4] DEBUG fr.triedge.web.server.WorkerThread - Path is: /index.html
2019-07-11 17:50:21 [pool-2-thread-5] DEBUG fr.triedge.web.server.WorkerThread - Reading headers...
2019-07-11 17:50:21 [pool-2-thread-4] DEBUG fr.triedge.web.server.WorkerThread - HTTP response sent
2019-07-11 17:50:23 [pool-2-thread-5] DEBUG fr.triedge.web.server.WorkerThread - GET /pages/page2.html HTTP/1.1
2019-07-11 17:50:23 [pool-2-thread-5] DEBUG fr.triedge.web.server.WorkerThread - Creating socket outputs...
2019-07-11 17:50:23 [main] DEBUG fr.triedge.web.server.SBIWebServer - Connection received from: /0:0:0:0:0:0:0:1:50161
2019-07-11 17:50:23 [pool-2-thread-5] DEBUG fr.triedge.web.server.WorkerThread - Getting request path...
2019-07-11 17:50:23 [main] DEBUG fr.triedge.web.server.SBIWebServer - Creating worker to server the request...
2019-07-11 17:50:23 [pool-2-thread-5] DEBUG fr.triedge.web.server.WorkerThread - Path is: /pages/page2.html
2019-07-11 17:50:23 [main] INFO  fr.triedge.web.server.SBIWebServer - Waiting for incoming connections...
2019-07-11 17:50:23 [pool-2-thread-6] DEBUG fr.triedge.web.server.WorkerThread - Worker started
2019-07-11 17:50:23 [pool-2-thread-5] DEBUG fr.triedge.web.server.WorkerThread - HTTP response sent
2019-07-11 17:50:23 [pool-2-thread-6] DEBUG fr.triedge.web.server.WorkerThread - Reading headers...
2019-07-11 17:50:26 [pool-2-thread-6] DEBUG fr.triedge.web.server.WorkerThread - GET /pages/index.html HTTP/1.1
2019-07-11 17:50:26 [pool-2-thread-6] DEBUG fr.triedge.web.server.WorkerThread - Creating socket outputs...
2019-07-11 17:50:26 [pool-2-thread-6] DEBUG fr.triedge.web.server.WorkerThread - Getting request path...
2019-07-11 17:50:26 [pool-2-thread-6] DEBUG fr.triedge.web.server.WorkerThread - Path is: /pages/index.html
2019-07-11 17:50:26 [main] DEBUG fr.triedge.web.server.SBIWebServer - Connection received from: /0:0:0:0:0:0:0:1:50162
2019-07-11 17:50:26 [pool-2-thread-6] DEBUG fr.triedge.web.server.WorkerThread - Sending 404
2019-07-11 17:50:26 [main] DEBUG fr.triedge.web.server.SBIWebServer - Creating worker to server the request...
2019-07-11 17:50:26 [main] INFO  fr.triedge.web.server.SBIWebServer - Waiting for incoming connections...
2019-07-11 17:50:26 [pool-2-thread-6] DEBUG fr.triedge.web.server.WorkerThread - HTTP response sent
2019-07-11 17:50:26 [pool-2-thread-7] DEBUG fr.triedge.web.server.WorkerThread - Worker started
2019-07-11 17:50:26 [pool-2-thread-7] DEBUG fr.triedge.web.server.WorkerThread - Reading headers...
